#
# There is insufficient memory for the Java Runtime Environment to continue.
# Native memory allocation (malloc) failed to allocate 787376 bytes. Error detail: Chunk::new
# Possible reasons:
#   The system is out of physical RAM or swap space
#   This process is running with CompressedOops enabled, and the Java Heap may be blocking the growth of the native heap
# Possible solutions:
#   Reduce memory load on the system
#   Increase physical memory or swap space
#   Check if swap backing store is full
#   Decrease Java heap size (-Xmx/-Xms)
#   Decrease number of Java threads
#   Decrease Java thread stack sizes (-Xss)
#   Set larger code cache with -XX:ReservedCodeCacheSize=
#   JVM is running with Zero Based Compressed Oops mode in which the Java heap is
#     placed in the first 32GB address space. The Java Heap base address is the
#     maximum limit for the native heap growth. Please use -XX:HeapBaseMinAddress
#     to set the Java Heap base and to place the Java Heap above 32GB virtual address.
# This output file may be truncated or incomplete.
#
#  Out of Memory Error (arena.cpp:149), pid=129196, tid=140000
#
# JRE version: Java(TM) SE Runtime Environment (23.0+37) (build 23+37-2369)
# Java VM: Java HotSpot(TM) 64-Bit Server VM (23+37-2369, mixed mode, sharing, tiered, compressed oops, compressed class ptrs, g1 gc, windows-amd64)
# No core dump will be written. Minidumps are not enabled by default on client versions of Windows
#

---------------  S U M M A R Y ------------

Command Line: -ea -Dfile.encoding=UTF-8 -Dstdout.encoding=UTF-8 -Dstderr.encoding=UTF-8 -XX:+ShowCodeDetailsInExceptionMessages org.testng.remote.RemoteTestNG -serport 59461 -protocol json -d C:\Users\admin\eclipse-workspace\Saucedemo\test-output C:\Users\admin\eclipse-workspace\Saucedemo\testng.xml

Host: Intel(R) Core(TM) i7-8665U CPU @ 1.90GHz, 8 cores, 15G,  Windows 11 , 64 bit Build 22621 (10.0.22621.4391)
Time: Tue Jan  7 04:45:40 2025 Malay Peninsula Standard Time elapsed time: 76.282471 seconds (0d 0h 1m 16s)

---------------  T H R E A D  ---------------

Current thread (0x000001b8b53d67a0):  JavaThread "C2 CompilerThread0" daemon [_thread_in_native, id=140000, stack(0x000000a61dc00000,0x000000a61dd00000) (1024K)]


Current CompileTask:
C2:76282 5787       4       java.lang.Class::getMethodsRecursive (104 bytes)

Stack: [0x000000a61dc00000,0x000000a61dd00000]
Native frames: (J=compiled Java code, j=interpreted, Vv=VM code, C=native code)
V  [jvm.dll+0x6e08a9]  (no source info available)
V  [jvm.dll+0x87da63]  (no source info available)
V  [jvm.dll+0x87feee]  (no source info available)
V  [jvm.dll+0x8805c3]  (no source info available)
V  [jvm.dll+0x27aee6]  (no source info available)
V  [jvm.dll+0xbc06f]  (no source info available)
V  [jvm.dll+0xbc2cb]  (no source info available)
V  [jvm.dll+0x3b3a62]  (no source info available)
V  [jvm.dll+0x38a42b]  (no source info available)
V  [jvm.dll+0x38989a]  (no source info available)
V  [jvm.dll+0x244aa1]  (no source info available)
V  [jvm.dll+0x243dff]  (no source info available)
V  [jvm.dll+0x1c33a0]  (no source info available)
V  [jvm.dll+0x253cf1]  (no source info available)
V  [jvm.dll+0x251faa]  (no source info available)
V  [jvm.dll+0x3ee036]  (no source info available)
V  [jvm.dll+0x824f1b]  (no source info available)
V  [jvm.dll+0x6df055]  (no source info available)
C  [ucrtbase.dll+0x29333]  (no source info available)
C  [KERNEL32.DLL+0x1259d]  (no source info available)
C  [ntdll.dll+0x5af38]  (no source info available)

Lock stack of current Java thread (top to bottom):


---------------  P R O C E S S  ---------------

Threads class SMR info:
_java_thread_list=0x000001b8fd067690, length=113, elements={
0x000001b89603b560, 0x000001b8b53bf260, 0x000001b8b53c0220, 0x000001b8b53c44c0,
0x000001b8b53c7030, 0x000001b8b53c7a90, 0x000001b8b53cb9f0, 0x000001b8b53d67a0,
0x000001b8b53de2a0, 0x000001b8b5525500, 0x000001b8b552db50, 0x000001b8fb438770,
0x000001b8fbb09690, 0x000001b8fbb09d00, 0x000001b8fbb0b390, 0x000001b8fbb0be10,
0x000001b8fbb0c480, 0x000001b8fbb0f720, 0x000001b8fbb10fc0, 0x000001b8fbacd340,
0x000001b8fbacd9d0, 0x000001b8fbace6f0, 0x000001b8fbace060, 0x000001b8fbacfaa0,
0x000001b8fbaced80, 0x000001b8fe38abf0, 0x000001b8fe38c630, 0x000001b8fe38b910,
0x000001b8fe38a560, 0x000001b8fe38ccc0, 0x000001b8fe387e00, 0x000001b8fe38e070,
0x000001b8fe38d350, 0x000001b8fe3870e0, 0x000001b8fe38e700, 0x000001b8fe387770,
0x000001b8fe38bfa0, 0x000001b8fe388490, 0x000001b8fe388b20, 0x000001b8fe3891b0,
0x000001b8fe389840, 0x000001b8fe389ed0, 0x000001b8fc95c750, 0x000001b8fc95e190,
0x000001b8fc95a680, 0x000001b8fc959960, 0x000001b8fc95ba30, 0x000001b8fc95e820,
0x000001b8fc95d470, 0x000001b8fc95eeb0, 0x000001b8fc959ff0, 0x000001b8fc957f20,
0x000001b8fc95ad10, 0x000001b8fc95db00, 0x000001b8fc958c40, 0x000001b8fc9592d0,
0x000001b8fc95f540, 0x000001b8fc9585b0, 0x000001b8fc95b3a0, 0x000001b8fc95c0c0,
0x000001b8fc95cde0, 0x000001b8fe38b280, 0x000001b8fca7a0f0, 0x000001b8fca74510,
0x000001b8fca76c70, 0x000001b8fca78d40, 0x000001b8fca78020, 0x000001b8fca7b4a0,
0x000001b8fca758c0, 0x000001b8fca75f50, 0x000001b8fca77300, 0x000001b8fca786b0,
0x000001b8fca7a780, 0x000001b8fca793d0, 0x000001b8fca7bb30, 0x000001b8fca7ae10,
0x000001b8fca77990, 0x000001b8fca79a60, 0x000001b8fca74ba0, 0x000001b8fca75230,
0x000001b8fcb0cd90, 0x000001b8fcb0d420, 0x000001b8fcb0e140, 0x000001b8fcb0fb80,
0x000001b8fcb0dab0, 0x000001b8fcb0e7d0, 0x000001b8fcb0f4f0, 0x000001b8fcb0c700,
0x000001b8fcb0ee60, 0x000001b8fd0cb170, 0x000001b8fd0cbe90, 0x000001b8fd0c7cf0,
0x000001b8fd0caae0, 0x000001b8fd0cdf60, 0x000001b8fd0c8380, 0x000001b8fd0ce5f0,
0x000001b8fd0c7660, 0x000001b8fd0cb800, 0x000001b8fd0c9dc0, 0x000001b8fd0ca450,
0x000001b8fd0c8a10, 0x000001b8fd0cc520, 0x000001b8fd0c90a0, 0x000001b8fd0cd8d0,
0x000001b8fd0c9730, 0x000001b8fd0ccbb0, 0x000001b8fd0cd240, 0x000001b8fd0cec80,
0x000001b8fca765e0, 0x000001b8fc3a3340, 0x000001b8fc3a5aa0, 0x000001b8fc3a0be0,
0x000001b8fc39fec0
}

Java Threads: ( => current thread )
  0x000001b89603b560 JavaThread "Forwarding get on session e18f390d6f5d6ef6ea6c8557453fe788 to remote"        [_thread_blocked, id=140340, stack(0x000000a61ce00000,0x000000a61cf00000) (1024K)]
  0x000001b8b53bf260 JavaThread "Reference Handler"          daemon [_thread_blocked, id=139516, stack(0x000000a61d600000,0x000000a61d700000) (1024K)]
  0x000001b8b53c0220 JavaThread "Finalizer"                  daemon [_thread_blocked, id=9188, stack(0x000000a61d700000,0x000000a61d800000) (1024K)]
  0x000001b8b53c44c0 JavaThread "Signal Dispatcher"          daemon [_thread_blocked, id=136256, stack(0x000000a61d800000,0x000000a61d900000) (1024K)]
  0x000001b8b53c7030 JavaThread "Attach Listener"            daemon [_thread_blocked, id=127764, stack(0x000000a61d900000,0x000000a61da00000) (1024K)]
  0x000001b8b53c7a90 JavaThread "Service Thread"             daemon [_thread_blocked, id=61860, stack(0x000000a61da00000,0x000000a61db00000) (1024K)]
  0x000001b8b53cb9f0 JavaThread "Monitor Deflation Thread"   daemon [_thread_blocked, id=139980, stack(0x000000a61db00000,0x000000a61dc00000) (1024K)]
=>0x000001b8b53d67a0 JavaThread "C2 CompilerThread0"         daemon [_thread_in_native, id=140000, stack(0x000000a61dc00000,0x000000a61dd00000) (1024K)]
  0x000001b8b53de2a0 JavaThread "C1 CompilerThread0"         daemon [_thread_blocked, id=139336, stack(0x000000a61dd00000,0x000000a61de00000) (1024K)]
  0x000001b8b5525500 JavaThread "Notification Thread"        daemon [_thread_blocked, id=110684, stack(0x000000a61de00000,0x000000a61df00000) (1024K)]
  0x000001b8b552db50 JavaThread "Common-Cleaner"             daemon [_thread_blocked, id=122108, stack(0x000000a61df00000,0x000000a61e000000) (1024K)]
  0x000001b8fb438770 JavaThread "ReaderThread"                      [_thread_in_native, id=70700, stack(0x000000a61e200000,0x000000a61e300000) (1024K)]
  0x000001b8fbb09690 JavaThread "ForkJoinPool.commonPool-worker-1" daemon [_thread_blocked, id=140004, stack(0x000000a61e300000,0x000000a61e400000) (1024K)]
  0x000001b8fbb09d00 JavaThread "ForkJoinPool.commonPool-worker-2" daemon [_thread_blocked, id=141208, stack(0x000000a61e400000,0x000000a61e500000) (1024K)]
  0x000001b8fbb0b390 JavaThread "ForkJoinPool.commonPool-worker-3" daemon [_thread_blocked, id=139628, stack(0x000000a61e500000,0x000000a61e600000) (1024K)]
  0x000001b8fbb0be10 JavaThread "ForkJoinPool.commonPool-worker-4" daemon [_thread_blocked, id=134208, stack(0x000000a61e600000,0x000000a61e700000) (1024K)]
  0x000001b8fbb0c480 JavaThread "ForkJoinPool.commonPool-worker-6" daemon [_thread_blocked, id=14852, stack(0x000000a61e700000,0x000000a61e800000) (1024K)]
  0x000001b8fbb0f720 JavaThread "ForkJoinPool.commonPool-worker-5" daemon [_thread_blocked, id=57708, stack(0x000000a61e800000,0x000000a61e900000) (1024K)]
  0x000001b8fbb10fc0 JavaThread "ForkJoinPool.commonPool-worker-7" daemon [_thread_blocked, id=139720, stack(0x000000a61e900000,0x000000a61ea00000) (1024K)]
  0x000001b8fbacd340 JavaThread "AsyncHttpClient-1-1"        daemon [_thread_blocked, id=138140, stack(0x000000a61f200000,0x000000a61f300000) (1024K)]
  0x000001b8fbacd9d0 JavaThread "Exec Default Executor"      daemon [_thread_in_native, id=140944, stack(0x000000a61f400000,0x000000a61f500000) (1024K)]
  0x000001b8fbace6f0 JavaThread "Exec Stream Pumper"         daemon [_thread_in_native, id=112348, stack(0x000000a61f500000,0x000000a61f600000) (1024K)]
  0x000001b8fbace060 JavaThread "Exec Stream Pumper"         daemon [_thread_in_native, id=33176, stack(0x000000a61f600000,0x000000a61f700000) (1024K)]
  0x000001b8fbacfaa0 JavaThread "Driver Service Executor"    daemon [_thread_blocked, id=98292, stack(0x000000a61f700000,0x000000a61f800000) (1024K)]
  0x000001b8fbaced80 JavaThread "Driver Service Executor"    daemon [_thread_blocked, id=140568, stack(0x000000a61f800000,0x000000a61f900000) (1024K)]
  0x000001b8fe38abf0 JavaThread "UrlChecker-2"               daemon [_thread_blocked, id=127692, stack(0x000000a61f900000,0x000000a61fa00000) (1024K)]
  0x000001b8fe38c630 JavaThread "AsyncHttpClient-1-2"        daemon [_thread_in_native, id=33200, stack(0x000000a61fb00000,0x000000a61fc00000) (1024K)]
  0x000001b8fe38b910 JavaThread "AsyncHttpClient-1-3"        daemon [_thread_in_native, id=128796, stack(0x000000a61e000000,0x000000a61e100000) (1024K)]
  0x000001b8fe38a560 JavaThread "AsyncHttpClient-1-4"        daemon [_thread_in_native, id=62116, stack(0x000000a61f100000,0x000000a61f200000) (1024K)]
  0x000001b8fe38ccc0 JavaThread "Exec Default Executor"      daemon [_thread_in_native, id=140112, stack(0x000000a61fc00000,0x000000a61fd00000) (1024K)]
  0x000001b8fe387e00 JavaThread "Exec Stream Pumper"         daemon [_thread_in_native, id=139428, stack(0x000000a61fd00000,0x000000a61fe00000) (1024K)]
  0x000001b8fe38e070 JavaThread "Exec Stream Pumper"         daemon [_thread_in_native, id=141032, stack(0x000000a61fe00000,0x000000a61ff00000) (1024K)]
  0x000001b8fe38d350 JavaThread "Driver Service Executor"    daemon [_thread_blocked, id=137440, stack(0x000000a61ff00000,0x000000a620000000) (1024K)]
  0x000001b8fe3870e0 JavaThread "Driver Service Executor"    daemon [_thread_blocked, id=125132, stack(0x000000a620000000,0x000000a620100000) (1024K)]
  0x000001b8fe38e700 JavaThread "AsyncHttpClient-1-5"        daemon [_thread_in_native, id=132996, stack(0x000000a620100000,0x000000a620200000) (1024K)]
  0x000001b8fe387770 JavaThread "AsyncHttpClient-1-6"        daemon [_thread_in_native, id=129136, stack(0x000000a620200000,0x000000a620300000) (1024K)]
  0x000001b8fe38bfa0 JavaThread "AsyncHttpClient-1-7"        daemon [_thread_in_native, id=140812, stack(0x000000a620300000,0x000000a620400000) (1024K)]
  0x000001b8fe388490 JavaThread "Exec Default Executor"      daemon [_thread_in_native, id=86768, stack(0x000000a620400000,0x000000a620500000) (1024K)]
  0x000001b8fe388b20 JavaThread "Exec Stream Pumper"         daemon [_thread_in_native, id=128848, stack(0x000000a620500000,0x000000a620600000) (1024K)]
  0x000001b8fe3891b0 JavaThread "Exec Stream Pumper"         daemon [_thread_in_native, id=127524, stack(0x000000a620600000,0x000000a620700000) (1024K)]
  0x000001b8fe389840 JavaThread "Driver Service Executor"    daemon [_thread_blocked, id=131056, stack(0x000000a620700000,0x000000a620800000) (1024K)]
  0x000001b8fe389ed0 JavaThread "Driver Service Executor"    daemon [_thread_blocked, id=62144, stack(0x000000a620800000,0x000000a620900000) (1024K)]
  0x000001b8fc95c750 JavaThread "AsyncHttpClient-1-8"        daemon [_thread_in_native, id=140700, stack(0x000000a620900000,0x000000a620a00000) (1024K)]
  0x000001b8fc95e190 JavaThread "AsyncHttpClient-1-9"        daemon [_thread_in_native, id=33020, stack(0x000000a620a00000,0x000000a620b00000) (1024K)]
  0x000001b8fc95a680 JavaThread "AsyncHttpClient-1-10"       daemon [_thread_in_native, id=139360, stack(0x000000a620b00000,0x000000a620c00000) (1024K)]
  0x000001b8fc959960 JavaThread "Exec Default Executor"      daemon [_thread_in_native, id=5396, stack(0x000000a620c00000,0x000000a620d00000) (1024K)]
  0x000001b8fc95ba30 JavaThread "Exec Stream Pumper"         daemon [_thread_in_native, id=27980, stack(0x000000a620d00000,0x000000a620e00000) (1024K)]
  0x000001b8fc95e820 JavaThread "Exec Stream Pumper"         daemon [_thread_in_native, id=140588, stack(0x000000a620e00000,0x000000a620f00000) (1024K)]
  0x000001b8fc95d470 JavaThread "Driver Service Executor"    daemon [_thread_blocked, id=140364, stack(0x000000a620f00000,0x000000a621000000) (1024K)]
  0x000001b8fc95eeb0 JavaThread "Driver Service Executor"    daemon [_thread_blocked, id=121956, stack(0x000000a621000000,0x000000a621100000) (1024K)]
  0x000001b8fc959ff0 JavaThread "AsyncHttpClient-1-11"       daemon [_thread_in_native, id=133932, stack(0x000000a621100000,0x000000a621200000) (1024K)]
  0x000001b8fc957f20 JavaThread "AsyncHttpClient-1-12"       daemon [_thread_in_native, id=140424, stack(0x000000a621200000,0x000000a621300000) (1024K)]
  0x000001b8fc95ad10 JavaThread "AsyncHttpClient-1-13"       daemon [_thread_in_native, id=139820, stack(0x000000a621300000,0x000000a621400000) (1024K)]
  0x000001b8fc95db00 JavaThread "Exec Default Executor"      daemon [_thread_in_native, id=140444, stack(0x000000a621400000,0x000000a621500000) (1024K)]
  0x000001b8fc958c40 JavaThread "Exec Stream Pumper"         daemon [_thread_in_native, id=20296, stack(0x000000a621500000,0x000000a621600000) (1024K)]
  0x000001b8fc9592d0 JavaThread "Exec Stream Pumper"         daemon [_thread_in_native, id=140596, stack(0x000000a621600000,0x000000a621700000) (1024K)]
  0x000001b8fc95f540 JavaThread "Driver Service Executor"    daemon [_thread_blocked, id=140988, stack(0x000000a621700000,0x000000a621800000) (1024K)]
  0x000001b8fc9585b0 JavaThread "Driver Service Executor"    daemon [_thread_blocked, id=140140, stack(0x000000a621800000,0x000000a621900000) (1024K)]
  0x000001b8fc95b3a0 JavaThread "AsyncHttpClient-1-14"       daemon [_thread_in_native, id=15672, stack(0x000000a621900000,0x000000a621a00000) (1024K)]
  0x000001b8fc95c0c0 JavaThread "AsyncHttpClient-1-15"       daemon [_thread_in_native, id=74112, stack(0x000000a621a00000,0x000000a621b00000) (1024K)]
  0x000001b8fc95cde0 JavaThread "AsyncHttpClient-1-16"       daemon [_thread_in_native, id=140852, stack(0x000000a621b00000,0x000000a621c00000) (1024K)]
  0x000001b8fe38b280 JavaThread "Exec Default Executor"      daemon [_thread_in_native, id=131968, stack(0x000000a61fa00000,0x000000a61fb00000) (1024K)]
  0x000001b8fca7a0f0 JavaThread "Exec Stream Pumper"         daemon [_thread_in_native, id=114004, stack(0x000000a621c00000,0x000000a621d00000) (1024K)]
  0x000001b8fca74510 JavaThread "Exec Stream Pumper"         daemon [_thread_in_native, id=136816, stack(0x000000a621d00000,0x000000a621e00000) (1024K)]
  0x000001b8fca76c70 JavaThread "Driver Service Executor"    daemon [_thread_blocked, id=137580, stack(0x000000a621e00000,0x000000a621f00000) (1024K)]
  0x000001b8fca78d40 JavaThread "Driver Service Executor"    daemon [_thread_blocked, id=139632, stack(0x000000a621f00000,0x000000a622000000) (1024K)]
  0x000001b8fca78020 JavaThread "AsyncHttpClient-1-17"       daemon [_thread_in_native, id=136052, stack(0x000000a622100000,0x000000a622200000) (1024K)]
  0x000001b8fca7b4a0 JavaThread "Exec Default Executor"      daemon [_thread_in_native, id=46932, stack(0x000000a622200000,0x000000a622300000) (1024K)]
  0x000001b8fca758c0 JavaThread "Exec Stream Pumper"         daemon [_thread_in_native, id=138068, stack(0x000000a622300000,0x000000a622400000) (1024K)]
  0x000001b8fca75f50 JavaThread "Exec Stream Pumper"         daemon [_thread_in_native, id=140848, stack(0x000000a622400000,0x000000a622500000) (1024K)]
  0x000001b8fca77300 JavaThread "Driver Service Executor"    daemon [_thread_blocked, id=14660, stack(0x000000a622500000,0x000000a622600000) (1024K)]
  0x000001b8fca786b0 JavaThread "Driver Service Executor"    daemon [_thread_blocked, id=139768, stack(0x000000a622600000,0x000000a622700000) (1024K)]
  0x000001b8fca7a780 JavaThread "Exec Default Executor"      daemon [_thread_in_native, id=125792, stack(0x000000a622800000,0x000000a622900000) (1024K)]
  0x000001b8fca793d0 JavaThread "Exec Stream Pumper"         daemon [_thread_in_native, id=139772, stack(0x000000a622900000,0x000000a622a00000) (1024K)]
  0x000001b8fca7bb30 JavaThread "Exec Stream Pumper"         daemon [_thread_in_native, id=73404, stack(0x000000a622a00000,0x000000a622b00000) (1024K)]
  0x000001b8fca7ae10 JavaThread "Driver Service Executor"    daemon [_thread_blocked, id=132052, stack(0x000000a622b00000,0x000000a622c00000) (1024K)]
  0x000001b8fca77990 JavaThread "Driver Service Executor"    daemon [_thread_blocked, id=140432, stack(0x000000a622c00000,0x000000a622d00000) (1024K)]
  0x000001b8fca79a60 JavaThread "Exec Default Executor"      daemon [_thread_in_native, id=128176, stack(0x000000a622d00000,0x000000a622e00000) (1024K)]
  0x000001b8fca74ba0 JavaThread "Exec Stream Pumper"         daemon [_thread_in_native, id=44172, stack(0x000000a622e00000,0x000000a622f00000) (1024K)]
  0x000001b8fca75230 JavaThread "Exec Stream Pumper"         daemon [_thread_in_native, id=136224, stack(0x000000a622f00000,0x000000a623000000) (1024K)]
  0x000001b8fcb0cd90 JavaThread "Driver Service Executor"    daemon [_thread_blocked, id=47436, stack(0x000000a623000000,0x000000a623100000) (1024K)]
  0x000001b8fcb0d420 JavaThread "Driver Service Executor"    daemon [_thread_blocked, id=140676, stack(0x000000a623100000,0x000000a623200000) (1024K)]
  0x000001b8fcb0e140 JavaThread "Exec Default Executor"      daemon [_thread_in_native, id=141048, stack(0x000000a623200000,0x000000a623300000) (1024K)]
  0x000001b8fcb0fb80 JavaThread "Exec Stream Pumper"         daemon [_thread_in_native, id=140316, stack(0x000000a623300000,0x000000a623400000) (1024K)]
  0x000001b8fcb0dab0 JavaThread "Exec Stream Pumper"         daemon [_thread_in_native, id=120876, stack(0x000000a623400000,0x000000a623500000) (1024K)]
  0x000001b8fcb0e7d0 JavaThread "Driver Service Executor"    daemon [_thread_blocked, id=129448, stack(0x000000a623500000,0x000000a623600000) (1024K)]
  0x000001b8fcb0f4f0 JavaThread "Driver Service Executor"    daemon [_thread_blocked, id=112748, stack(0x000000a623600000,0x000000a623700000) (1024K)]
  0x000001b8fcb0c700 JavaThread "Exec Default Executor"      daemon [_thread_in_native, id=131300, stack(0x000000a623700000,0x000000a623800000) (1024K)]
  0x000001b8fcb0ee60 JavaThread "Exec Stream Pumper"         daemon [_thread_in_native, id=139276, stack(0x000000a623800000,0x000000a623900000) (1024K)]
  0x000001b8fd0cb170 JavaThread "Exec Stream Pumper"         daemon [_thread_in_native, id=141084, stack(0x000000a623900000,0x000000a623a00000) (1024K)]
  0x000001b8fd0cbe90 JavaThread "Driver Service Executor"    daemon [_thread_blocked, id=140736, stack(0x000000a623a00000,0x000000a623b00000) (1024K)]
  0x000001b8fd0c7cf0 JavaThread "Driver Service Executor"    daemon [_thread_blocked, id=139888, stack(0x000000a623b00000,0x000000a623c00000) (1024K)]
  0x000001b8fd0caae0 JavaThread "Exec Default Executor"      daemon [_thread_in_native, id=140352, stack(0x000000a623c00000,0x000000a623d00000) (1024K)]
  0x000001b8fd0cdf60 JavaThread "Exec Stream Pumper"         daemon [_thread_in_native, id=66468, stack(0x000000a623d00000,0x000000a623e00000) (1024K)]
  0x000001b8fd0c8380 JavaThread "Exec Stream Pumper"         daemon [_thread_in_native, id=131100, stack(0x000000a623e00000,0x000000a623f00000) (1024K)]
  0x000001b8fd0ce5f0 JavaThread "Driver Service Executor"    daemon [_thread_blocked, id=140324, stack(0x000000a623f00000,0x000000a624000000) (1024K)]
  0x000001b8fd0c7660 JavaThread "Driver Service Executor"    daemon [_thread_blocked, id=141192, stack(0x000000a624000000,0x000000a624100000) (1024K)]
  0x000001b8fd0cb800 JavaThread "Exec Default Executor"      daemon [_thread_in_native, id=141828, stack(0x000000a622000000,0x000000a622100000) (1024K)]
  0x000001b8fd0c9dc0 JavaThread "Exec Stream Pumper"         daemon [_thread_in_native, id=141840, stack(0x000000a624100000,0x000000a624200000) (1024K)]
  0x000001b8fd0ca450 JavaThread "Exec Stream Pumper"         daemon [_thread_in_native, id=141844, stack(0x000000a624200000,0x000000a624300000) (1024K)]
  0x000001b8fd0c8a10 JavaThread "Driver Service Executor"    daemon [_thread_blocked, id=141892, stack(0x000000a624300000,0x000000a624400000) (1024K)]
  0x000001b8fd0cc520 JavaThread "Driver Service Executor"    daemon [_thread_blocked, id=141896, stack(0x000000a624400000,0x000000a624500000) (1024K)]
  0x000001b8fd0c90a0 JavaThread "Exec Default Executor"      daemon [_thread_in_native, id=137248, stack(0x000000a624600000,0x000000a624700000) (1024K)]
  0x000001b8fd0cd8d0 JavaThread "Exec Stream Pumper"         daemon [_thread_in_native, id=123800, stack(0x000000a624700000,0x000000a624800000) (1024K)]
  0x000001b8fd0c9730 JavaThread "Exec Stream Pumper"         daemon [_thread_in_native, id=140192, stack(0x000000a624800000,0x000000a624900000) (1024K)]
  0x000001b8fd0ccbb0 JavaThread "Driver Service Executor"    daemon [_thread_blocked, id=23604, stack(0x000000a624900000,0x000000a624a00000) (1024K)]
  0x000001b8fd0cd240 JavaThread "Driver Service Executor"    daemon [_thread_blocked, id=131104, stack(0x000000a624a00000,0x000000a624b00000) (1024K)]
  0x000001b8fd0cec80 JavaThread "Exec Default Executor"      daemon [_thread_in_native, id=142532, stack(0x000000a61cb00000,0x000000a61cc00000) (1024K)]
  0x000001b8fca765e0 JavaThread "Exec Stream Pumper"         daemon [_thread_in_native, id=142540, stack(0x000000a61cd00000,0x000000a61ce00000) (1024K)]
  0x000001b8fc3a3340 JavaThread "Exec Stream Pumper"         daemon [_thread_in_native, id=142548, stack(0x000000a624500000,0x000000a624600000) (1024K)]
  0x000001b8fc3a5aa0 JavaThread "Driver Service Executor"    daemon [_thread_blocked, id=142612, stack(0x000000a624b00000,0x000000a624c00000) (1024K)]
  0x000001b8fc3a0be0 JavaThread "Driver Service Executor"    daemon [_thread_blocked, id=142580, stack(0x000000a624c00000,0x000000a624d00000) (1024K)]
  0x000001b8fc39fec0 JavaThread "Keep-Alive-Timer"           daemon [_thread_blocked, id=142984, stack(0x000000a624d00000,0x000000a624e00000) (1024K)]
Total: 113

Other Threads:
  0x000001b8b53a55a0 VMThread "VM Thread"                           [id=140484, stack(0x000000a61d500000,0x000000a61d600000) (1024K)]
  0x000001b8b53926b0 WatcherThread "VM Periodic Task Thread"        [id=130180, stack(0x000000a61d400000,0x000000a61d500000) (1024K)]
  0x000001b8960a0e20 WorkerThread "GC Thread#0"                     [id=140360, stack(0x000000a61cf00000,0x000000a61d000000) (1024K)]
  0x000001b8fbb53ae0 WorkerThread "GC Thread#1"                     [id=124620, stack(0x000000a61ea00000,0x000000a61eb00000) (1024K)]
  0x000001b8fbb542a0 WorkerThread "GC Thread#2"                     [id=126032, stack(0x000000a61eb00000,0x000000a61ec00000) (1024K)]
  0x000001b8fbb54a60 WorkerThread "GC Thread#3"                     [id=112228, stack(0x000000a61ec00000,0x000000a61ed00000) (1024K)]
  0x000001b8fbb3f6f0 WorkerThread "GC Thread#4"                     [id=139548, stack(0x000000a61ed00000,0x000000a61ee00000) (1024K)]
  0x000001b8fbb468e0 WorkerThread "GC Thread#5"                     [id=137528, stack(0x000000a61ee00000,0x000000a61ef00000) (1024K)]
  0x000001b8fba05020 WorkerThread "GC Thread#6"                     [id=69680, stack(0x000000a61ef00000,0x000000a61f000000) (1024K)]
  0x000001b8fb9f7ac0 WorkerThread "GC Thread#7"                     [id=139700, stack(0x000000a61f000000,0x000000a61f100000) (1024K)]
  0x000001b8960b71f0 ConcurrentGCThread "G1 Main Marker"            [id=140480, stack(0x000000a61d000000,0x000000a61d100000) (1024K)]
  0x000001b8960b7c10 WorkerThread "G1 Conc#0"                       [id=140996, stack(0x000000a61d100000,0x000000a61d200000) (1024K)]
  0x000001b8fbd3b2f0 WorkerThread "G1 Conc#1"                       [id=139760, stack(0x000000a61f300000,0x000000a61f400000) (1024K)]
  0x000001b8960ee5f0 ConcurrentGCThread "G1 Refine#0"               [id=16192, stack(0x000000a61d200000,0x000000a61d300000) (1024K)]
  0x000001b8b5263360 ConcurrentGCThread "G1 Service"                [id=73220, stack(0x000000a61d300000,0x000000a61d400000) (1024K)]
Total: 15

Threads with active compile tasks:
C2 CompilerThread0  76410 5787       4       java.lang.Class::getMethodsRecursive (104 bytes)
Total: 1

VM state: not at safepoint (normal execution)

VM Mutex/Monitor currently owned by a thread: None

Heap address: 0x0000000703e00000, size: 4034 MB, Compressed Oops mode: Zero based, Oop shift amount: 3

CDS archive(s) mapped at: [0x000001b8b6000000-0x000001b8b6d70000-0x000001b8b6d70000), size 14090240, SharedBaseAddress: 0x000001b8b6000000, ArchiveRelocationMode: 1.
Compressed class space mapped at: 0x000001b8b7000000-0x000001b8f7000000, reserved size: 1073741824
Narrow klass base: 0x000001b8b6000000, Narrow klass shift: 0, Narrow klass range: 0x41000000

GC Precious Log:
 CardTable entry size: 512
 Card Set container configuration: InlinePtr #cards 4 size 8 Array Of Cards #cards 16 size 48 Howl #buckets 8 coarsen threshold 3686 Howl Bitmap #cards 512 size 80 coarsen threshold 460 Card regions per heap region 1 cards per card region 4096
 CPUs: 8 total, 8 available
 Memory: 16131M
 Large Page Support: Disabled
 NUMA Support: Disabled
 Compressed Oops: Enabled (Zero based)
 Heap Region Size: 2M
 Heap Min Capacity: 8M
 Heap Initial Capacity: 254M
 Heap Max Capacity: 4034M
 Pre-touch: Disabled
 Parallel Workers: 8
 Concurrent Workers: 2
 Concurrent Refinement Workers: 8
 Periodic GC: Disabled

Heap:
 garbage-first heap   total reserved 4130816K, committed 188416K, used 111374K [0x0000000703e00000, 0x0000000800000000)
  region size 2048K, 2 young (4096K), 1 survivors (2048K)
 Metaspace       used 32234K, committed 32640K, reserved 1114112K
  class space    used 3973K, committed 4160K, reserved 1048576K

Heap Regions: E=young(eden), S=young(survivor), O=old, HS=humongous(starts), HC=humongous(continues), CS=collection set, F=free, TAMS=top-at-mark-start, PB=parsable bottom
|   0|0x0000000703e00000, 0x0000000704000000, 0x0000000704000000|100%| O|  |TAMS 0x0000000703e00000| PB 0x0000000703e00000| Untracked |  0
|   1|0x0000000704000000, 0x0000000704200000, 0x0000000704200000|100%| O|  |TAMS 0x0000000704000000| PB 0x0000000704000000| Untracked |  0
|   2|0x0000000704200000, 0x0000000704400000, 0x0000000704400000|100%| O|  |TAMS 0x0000000704200000| PB 0x0000000704200000| Untracked |  0
|   3|0x0000000704400000, 0x0000000704600000, 0x0000000704600000|100%| O|  |TAMS 0x0000000704400000| PB 0x0000000704400000| Untracked |  0
|   4|0x0000000704600000, 0x0000000704600000, 0x0000000704800000|  0%| F|  |TAMS 0x0000000704600000| PB 0x0000000704600000| Untracked |  0
|   5|0x0000000704800000, 0x0000000704a00000, 0x0000000704a00000|100%|HS|  |TAMS 0x0000000704800000| PB 0x0000000704800000| Complete |  0
|   6|0x0000000704a00000, 0x0000000704c00000, 0x0000000704c00000|100%|HC|  |TAMS 0x0000000704a00000| PB 0x0000000704a00000| Complete |  0
|   7|0x0000000704c00000, 0x0000000704e00000, 0x0000000704e00000|100%|HC|  |TAMS 0x0000000704c00000| PB 0x0000000704c00000| Complete |  0
|   8|0x0000000704e00000, 0x0000000705000000, 0x0000000705000000|100%| O|  |TAMS 0x0000000704e00000| PB 0x0000000704e00000| Untracked |  0
|   9|0x0000000705000000, 0x0000000705200000, 0x0000000705200000|100%| O|  |TAMS 0x0000000705000000| PB 0x0000000705000000| Untracked |  0
|  10|0x0000000705200000, 0x0000000705200000, 0x0000000705400000|  0%| F|  |TAMS 0x0000000705200000| PB 0x0000000705200000| Untracked |  0
|  11|0x0000000705400000, 0x0000000705600000, 0x0000000705600000|100%|HS|  |TAMS 0x0000000705400000| PB 0x0000000705400000| Complete |  0
|  12|0x0000000705600000, 0x0000000705800000, 0x0000000705800000|100%|HC|  |TAMS 0x0000000705600000| PB 0x0000000705600000| Complete |  0
|  13|0x0000000705800000, 0x0000000705a00000, 0x0000000705a00000|100%|HC|  |TAMS 0x0000000705800000| PB 0x0000000705800000| Complete |  0
|  14|0x0000000705a00000, 0x0000000705a00000, 0x0000000705c00000|  0%| F|  |TAMS 0x0000000705a00000| PB 0x0000000705a00000| Untracked |  0
|  15|0x0000000705c00000, 0x0000000705c00000, 0x0000000705e00000|  0%| F|  |TAMS 0x0000000705c00000| PB 0x0000000705c00000| Untracked |  0
|  16|0x0000000705e00000, 0x0000000706000000, 0x0000000706000000|100%| O|  |TAMS 0x0000000705e00000| PB 0x0000000705e00000| Untracked |  0
|  17|0x0000000706000000, 0x0000000706200000, 0x0000000706200000|100%|HS|  |TAMS 0x0000000706000000| PB 0x0000000706000000| Complete |  0
|  18|0x0000000706200000, 0x0000000706400000, 0x0000000706400000|100%|HC|  |TAMS 0x0000000706200000| PB 0x0000000706200000| Complete |  0
|  19|0x0000000706400000, 0x0000000706600000, 0x0000000706600000|100%|HC|  |TAMS 0x0000000706400000| PB 0x0000000706400000| Complete |  0
|  20|0x0000000706600000, 0x0000000706800000, 0x0000000706800000|100%|HS|  |TAMS 0x0000000706600000| PB 0x0000000706600000| Complete |  0
|  21|0x0000000706800000, 0x0000000706a00000, 0x0000000706a00000|100%|HC|  |TAMS 0x0000000706800000| PB 0x0000000706800000| Complete |  0
|  22|0x0000000706a00000, 0x0000000706c00000, 0x0000000706c00000|100%|HC|  |TAMS 0x0000000706a00000| PB 0x0000000706a00000| Complete |  0
|  23|0x0000000706c00000, 0x0000000706e00000, 0x0000000706e00000|100%|HS|  |TAMS 0x0000000706c00000| PB 0x0000000706c00000| Complete |  0
|  24|0x0000000706e00000, 0x0000000707000000, 0x0000000707000000|100%|HC|  |TAMS 0x0000000706e00000| PB 0x0000000706e00000| Complete |  0
|  25|0x0000000707000000, 0x0000000707200000, 0x0000000707200000|100%|HC|  |TAMS 0x0000000707000000| PB 0x0000000707000000| Complete |  0
|  26|0x0000000707200000, 0x0000000707200000, 0x0000000707400000|  0%| F|  |TAMS 0x0000000707200000| PB 0x0000000707200000| Untracked |  0
|  27|0x0000000707400000, 0x0000000707600000, 0x0000000707600000|100%|HS|  |TAMS 0x0000000707400000| PB 0x0000000707400000| Complete |  0
|  28|0x0000000707600000, 0x0000000707800000, 0x0000000707800000|100%|HC|  |TAMS 0x0000000707600000| PB 0x0000000707600000| Complete |  0
|  29|0x0000000707800000, 0x0000000707a00000, 0x0000000707a00000|100%|HC|  |TAMS 0x0000000707800000| PB 0x0000000707800000| Complete |  0
|  30|0x0000000707a00000, 0x0000000707c00000, 0x0000000707c00000|100%|HS|  |TAMS 0x0000000707a00000| PB 0x0000000707a00000| Complete |  0
|  31|0x0000000707c00000, 0x0000000707e00000, 0x0000000707e00000|100%|HC|  |TAMS 0x0000000707c00000| PB 0x0000000707c00000| Complete |  0
|  32|0x0000000707e00000, 0x0000000708000000, 0x0000000708000000|100%|HC|  |TAMS 0x0000000707e00000| PB 0x0000000707e00000| Complete |  0
|  33|0x0000000708000000, 0x0000000708200000, 0x0000000708200000|100%|HS|  |TAMS 0x0000000708000000| PB 0x0000000708000000| Complete |  0
|  34|0x0000000708200000, 0x0000000708400000, 0x0000000708400000|100%|HC|  |TAMS 0x0000000708200000| PB 0x0000000708200000| Complete |  0
|  35|0x0000000708400000, 0x0000000708600000, 0x0000000708600000|100%|HC|  |TAMS 0x0000000708400000| PB 0x0000000708400000| Complete |  0
|  36|0x0000000708600000, 0x0000000708800000, 0x0000000708800000|100%|HS|  |TAMS 0x0000000708600000| PB 0x0000000708600000| Complete |  0
|  37|0x0000000708800000, 0x0000000708a00000, 0x0000000708a00000|100%|HC|  |TAMS 0x0000000708800000| PB 0x0000000708800000| Complete |  0
|  38|0x0000000708a00000, 0x0000000708c00000, 0x0000000708c00000|100%|HC|  |TAMS 0x0000000708a00000| PB 0x0000000708a00000| Complete |  0
|  39|0x0000000708c00000, 0x0000000708e00000, 0x0000000708e00000|100%|HS|  |TAMS 0x0000000708c00000| PB 0x0000000708c00000| Complete |  0
|  40|0x0000000708e00000, 0x0000000709000000, 0x0000000709000000|100%|HC|  |TAMS 0x0000000708e00000| PB 0x0000000708e00000| Complete |  0
|  41|0x0000000709000000, 0x0000000709200000, 0x0000000709200000|100%|HC|  |TAMS 0x0000000709000000| PB 0x0000000709000000| Complete |  0
|  42|0x0000000709200000, 0x0000000709200000, 0x0000000709400000|  0%| F|  |TAMS 0x0000000709200000| PB 0x0000000709200000| Untracked |  0
|  43|0x0000000709400000, 0x00000007095306b0, 0x0000000709600000| 59%| S|CS|TAMS 0x0000000709400000| PB 0x0000000709400000| Complete |  0
|  44|0x0000000709600000, 0x0000000709800000, 0x0000000709800000|100%|HS|  |TAMS 0x0000000709600000| PB 0x0000000709600000| Complete |  0
|  45|0x0000000709800000, 0x0000000709a00000, 0x0000000709a00000|100%|HC|  |TAMS 0x0000000709800000| PB 0x0000000709800000| Complete |  0
|  46|0x0000000709a00000, 0x0000000709c00000, 0x0000000709c00000|100%|HC|  |TAMS 0x0000000709a00000| PB 0x0000000709a00000| Complete |  0
|  47|0x0000000709c00000, 0x0000000709e00000, 0x0000000709e00000|100%|HS|  |TAMS 0x0000000709c00000| PB 0x0000000709c00000| Complete |  0
|  48|0x0000000709e00000, 0x000000070a000000, 0x000000070a000000|100%|HC|  |TAMS 0x0000000709e00000| PB 0x0000000709e00000| Complete |  0
|  49|0x000000070a000000, 0x000000070a200000, 0x000000070a200000|100%|HC|  |TAMS 0x000000070a000000| PB 0x000000070a000000| Complete |  0
|  50|0x000000070a200000, 0x000000070a400000, 0x000000070a400000|100%|HS|  |TAMS 0x000000070a200000| PB 0x000000070a200000| Complete |  0
|  51|0x000000070a400000, 0x000000070a600000, 0x000000070a600000|100%|HC|  |TAMS 0x000000070a400000| PB 0x000000070a400000| Complete |  0
|  52|0x000000070a600000, 0x000000070a800000, 0x000000070a800000|100%|HC|  |TAMS 0x000000070a600000| PB 0x000000070a600000| Complete |  0
|  53|0x000000070a800000, 0x000000070aa00000, 0x000000070aa00000|100%|HS|  |TAMS 0x000000070a800000| PB 0x000000070a800000| Complete |  0
|  54|0x000000070aa00000, 0x000000070ac00000, 0x000000070ac00000|100%|HC|  |TAMS 0x000000070aa00000| PB 0x000000070aa00000| Complete |  0
|  55|0x000000070ac00000, 0x000000070ae00000, 0x000000070ae00000|100%|HC|  |TAMS 0x000000070ac00000| PB 0x000000070ac00000| Complete |  0
|  56|0x000000070ae00000, 0x000000070b000000, 0x000000070b000000|100%|HS|  |TAMS 0x000000070ae00000| PB 0x000000070ae00000| Complete |  0
|  57|0x000000070b000000, 0x000000070b200000, 0x000000070b200000|100%|HC|  |TAMS 0x000000070b000000| PB 0x000000070b000000| Complete |  0
|  58|0x000000070b200000, 0x000000070b400000, 0x000000070b400000|100%|HC|  |TAMS 0x000000070b200000| PB 0x000000070b200000| Complete |  0
|  59|0x000000070b400000, 0x000000070b400000, 0x000000070b600000|  0%| F|  |TAMS 0x000000070b400000| PB 0x000000070b400000| Untracked |  0
|  60|0x000000070b600000, 0x000000070b600000, 0x000000070b800000|  0%| F|  |TAMS 0x000000070b600000| PB 0x000000070b600000| Untracked |  0
|  61|0x000000070b800000, 0x000000070b800000, 0x000000070ba00000|  0%| F|  |TAMS 0x000000070b800000| PB 0x000000070b800000| Untracked |  0
|  62|0x000000070ba00000, 0x000000070ba00000, 0x000000070bc00000|  0%| F|  |TAMS 0x000000070ba00000| PB 0x000000070ba00000| Untracked |  0
|  63|0x000000070bc00000, 0x000000070bc00000, 0x000000070be00000|  0%| F|  |TAMS 0x000000070bc00000| PB 0x000000070bc00000| Untracked |  0
|  64|0x000000070be00000, 0x000000070be00000, 0x000000070c000000|  0%| F|  |TAMS 0x000000070be00000| PB 0x000000070be00000| Untracked |  0
|  65|0x000000070c000000, 0x000000070c000000, 0x000000070c200000|  0%| F|  |TAMS 0x000000070c000000| PB 0x000000070c000000| Untracked |  0
|  66|0x000000070c200000, 0x000000070c200000, 0x000000070c400000|  0%| F|  |TAMS 0x000000070c200000| PB 0x000000070c200000| Untracked |  0
|  67|0x000000070c400000, 0x000000070c400000, 0x000000070c600000|  0%| F|  |TAMS 0x000000070c400000| PB 0x000000070c400000| Untracked |  0
|  68|0x000000070c600000, 0x000000070c600000, 0x000000070c800000|  0%| F|  |TAMS 0x000000070c600000| PB 0x000000070c600000| Untracked |  0
|  69|0x000000070c800000, 0x000000070c800000, 0x000000070ca00000|  0%| F|  |TAMS 0x000000070c800000| PB 0x000000070c800000| Untracked |  0
|  70|0x000000070ca00000, 0x000000070ca00000, 0x000000070cc00000|  0%| F|  |TAMS 0x000000070ca00000| PB 0x000000070ca00000| Untracked |  0
|  71|0x000000070cc00000, 0x000000070cc00000, 0x000000070ce00000|  0%| F|  |TAMS 0x000000070cc00000| PB 0x000000070cc00000| Untracked |  0
|  72|0x000000070ce00000, 0x000000070ce00000, 0x000000070d000000|  0%| F|  |TAMS 0x000000070ce00000| PB 0x000000070ce00000| Untracked |  0
|  73|0x000000070d000000, 0x000000070d000000, 0x000000070d200000|  0%| F|  |TAMS 0x000000070d000000| PB 0x000000070d000000| Untracked |  0
|  74|0x000000070d200000, 0x000000070d200000, 0x000000070d400000|  0%| F|  |TAMS 0x000000070d200000| PB 0x000000070d200000| Untracked |  0
|  75|0x000000070d400000, 0x000000070d400000, 0x000000070d600000|  0%| F|  |TAMS 0x000000070d400000| PB 0x000000070d400000| Untracked |  0
|  76|0x000000070d600000, 0x000000070d600000, 0x000000070d800000|  0%| F|  |TAMS 0x000000070d600000| PB 0x000000070d600000| Untracked |  0
|  77|0x000000070d800000, 0x000000070d800000, 0x000000070da00000|  0%| F|  |TAMS 0x000000070d800000| PB 0x000000070d800000| Untracked |  0
|  78|0x000000070da00000, 0x000000070da00000, 0x000000070dc00000|  0%| F|  |TAMS 0x000000070da00000| PB 0x000000070da00000| Untracked |  0
|  79|0x000000070dc00000, 0x000000070dc00000, 0x000000070de00000|  0%| F|  |TAMS 0x000000070dc00000| PB 0x000000070dc00000| Untracked |  0
|  80|0x000000070de00000, 0x000000070de00000, 0x000000070e000000|  0%| F|  |TAMS 0x000000070de00000| PB 0x000000070de00000| Untracked |  0
|  81|0x000000070e000000, 0x000000070e000000, 0x000000070e200000|  0%| F|  |TAMS 0x000000070e000000| PB 0x000000070e000000| Untracked |  0
|  82|0x000000070e200000, 0x000000070e200000, 0x000000070e400000|  0%| F|  |TAMS 0x000000070e200000| PB 0x000000070e200000| Untracked |  0
|  83|0x000000070e400000, 0x000000070e400000, 0x000000070e600000|  0%| F|  |TAMS 0x000000070e400000| PB 0x000000070e400000| Untracked |  0
|  84|0x000000070e600000, 0x000000070e600000, 0x000000070e800000|  0%| F|  |TAMS 0x000000070e600000| PB 0x000000070e600000| Untracked |  0
|  85|0x000000070e800000, 0x000000070e800000, 0x000000070ea00000|  0%| F|  |TAMS 0x000000070e800000| PB 0x000000070e800000| Untracked |  0
| 103|0x0000000710c00000, 0x0000000710c00000, 0x0000000710e00000|  0%| F|  |TAMS 0x0000000710c00000| PB 0x0000000710c00000| Untracked |  0
| 104|0x0000000710e00000, 0x0000000710e00000, 0x0000000711000000|  0%| F|  |TAMS 0x0000000710e00000| PB 0x0000000710e00000| Untracked |  0
| 105|0x0000000711000000, 0x0000000711000000, 0x0000000711200000|  0%| F|  |TAMS 0x0000000711000000| PB 0x0000000711000000| Untracked |  0
| 126|0x0000000713a00000, 0x0000000713b1e778, 0x0000000713c00000| 55%| E|  |TAMS 0x0000000713a00000| PB 0x0000000713a00000| Complete |  0
|2015|0x00000007ffc00000, 0x00000007ffd932b0, 0x00000007ffe00000| 78%| O|  |TAMS 0x00000007ffc00000| PB 0x00000007ffc00000| Untracked |  0
|2016|0x00000007ffe00000, 0x0000000800000000, 0x0000000800000000|100%| O|Cm|TAMS 0x00000007ffe00000| PB 0x00000007ffe00000| Complete |  0

Card table byte_map: [0x000001b8ae280000,0x000001b8aea70000] _byte_map_base: 0x000001b8aaa61000

Marking Bits: (CMBitMap*) 0x000001b8960a1440
 Bits: [0x000001b8aea70000, 0x000001b8b2978000)

Polling page: 0x000001b8957f0000

Metaspace:

Usage:
  Non-class:     27.60 MB used.
      Class:      3.88 MB used.
       Both:     31.48 MB used.

Virtual space:
  Non-class space:       64.00 MB reserved,      27.81 MB ( 43%) committed,  1 nodes.
      Class space:        1.00 GB reserved,       4.06 MB ( <1%) committed,  1 nodes.
             Both:        1.06 GB reserved,      31.88 MB (  3%) committed. 

Chunk freelists:
   Non-Class:  3.88 MB
       Class:  11.79 MB
        Both:  15.67 MB

MaxMetaspaceSize: unlimited
CompressedClassSpaceSize: 1.00 GB
Initial GC threshold: 21.00 MB
Current GC threshold: 53.06 MB
CDS: on
 - commit_granule_bytes: 65536.
 - commit_granule_words: 8192.
 - virtual_space_node_default_size: 8388608.
 - enlarge_chunks_in_place: 1.
 - use_allocation_guard: 0.


Internal statistics:

num_allocs_failed_limit: 3.
num_arena_births: 430.
num_arena_deaths: 0.
num_vsnodes_births: 2.
num_vsnodes_deaths: 0.
num_space_committed: 510.
num_space_uncommitted: 0.
num_chunks_returned_to_freelist: 3.
num_chunks_taken_from_freelist: 1342.
num_chunk_merges: 3.
num_chunk_splits: 911.
num_chunks_enlarged: 700.
num_inconsistent_stats: 0.

CodeHeap 'non-profiled nmethods': size=120064Kb used=1699Kb max_used=1699Kb free=118364Kb
 bounds [0x000001b8a6220000, 0x000001b8a6490000, 0x000001b8ad760000]
CodeHeap 'profiled nmethods': size=120000Kb used=7572Kb max_used=7650Kb free=112427Kb
 bounds [0x000001b89e760000, 0x000001b89eee0000, 0x000001b8a5c90000]
CodeHeap 'non-nmethods': size=5696Kb used=1634Kb max_used=1674Kb free=4061Kb
 bounds [0x000001b8a5c90000, 0x000001b8a5f00000, 0x000001b8a6220000]
CodeCache: size=245760Kb, used=10905Kb, max_used=11023Kb, free=234852Kb
 total_blobs=5883, nmethods=5190, adapters=597, full_count=0
Compilation: enabled, stopped_count=0, restarted_count=0

Compilation events (20 events):
Event: 76.071 Thread 0x000001b8b53de2a0 5789       3       java.util.zip.ZipFile$Source$Key::hashCode (64 bytes)
Event: 76.072 Thread 0x000001b8b53de2a0 nmethod 5789 0x000001b89ec16b08 code [0x000001b89ec16cc0, 0x000001b89ec17208]
Event: 76.072 Thread 0x000001b8b53de2a0 5790       3       java.nio.file.attribute.FileTime::toMillis (98 bytes)
Event: 76.072 Thread 0x000001b8b53de2a0 nmethod 5790 0x000001b89e8e2408 code [0x000001b89e8e2560, 0x000001b89e8e29a8]
Event: 76.072 Thread 0x000001b8b53de2a0 5791       3       java.io.File::hashCode (8 bytes)
Event: 76.073 Thread 0x000001b8b53de2a0 nmethod 5791 0x000001b89e8ea088 code [0x000001b89e8ea200, 0x000001b89e8ea5d0]
Event: 76.073 Thread 0x000001b8b53de2a0 5792       3       java.io.WinNTFileSystem::hashCode (18 bytes)
Event: 76.073 Thread 0x000001b8b53de2a0 nmethod 5792 0x000001b89e9f4d08 code [0x000001b89e9f4e80, 0x000001b89e9f51f0]
Event: 76.073 Thread 0x000001b8b53de2a0 5794       1       java.util.logging.LogRecord::getLevel (5 bytes)
Event: 76.073 Thread 0x000001b8b53de2a0 nmethod 5794 0x000001b8a639f488 code [0x000001b8a639f5a0, 0x000001b8a639f670]
Event: 76.074 Thread 0x000001b8b53de2a0 5793       1       java.util.logging.Logger::getParent (5 bytes)
Event: 76.074 Thread 0x000001b8b53de2a0 nmethod 5793 0x000001b8a63c8808 code [0x000001b8a63c8920, 0x000001b8a63c89f0]
Event: 76.074 Thread 0x000001b8b53de2a0 5795       1       java.time.Instant::getEpochSecond (5 bytes)
Event: 76.074 Thread 0x000001b8b53de2a0 nmethod 5795 0x000001b8a63c8b08 code [0x000001b8a63c8c20, 0x000001b8a63c8ce8]
Event: 76.074 Thread 0x000001b8b53de2a0 5797       3       java.util.stream.Stream::concat (73 bytes)
Event: 76.075 Thread 0x000001b8b53de2a0 nmethod 5797 0x000001b89ebcb588 code [0x000001b89ebcb7a0, 0x000001b89ebcc5a8]
Event: 76.075 Thread 0x000001b8b53de2a0 5798       3       org.asynchttpclient.uri.Uri::create (6 bytes)
Event: 76.075 Thread 0x000001b8b53de2a0 nmethod 5798 0x000001b89e7c8f08 code [0x000001b89e7c9020, 0x000001b89e7c9148]
Event: 76.075 Thread 0x000001b8b53de2a0 5799       3       org.asynchttpclient.uri.Uri::create (124 bytes)
Event: 76.077 Thread 0x000001b8b53de2a0 nmethod 5799 0x000001b89ec88e88 code [0x000001b89ec89120, 0x000001b89ec8a1f0]

GC Heap History (20 events):
Event: 1.375 GC heap before
{Heap before GC invocations=1 (full 0):
 garbage-first heap   total reserved 4130816K, committed 260096K, used 24568K [0x0000000703e00000, 0x0000000800000000)
  region size 2048K, 12 young (24576K), 2 survivors (4096K)
 Metaspace       used 12257K, committed 12544K, reserved 1114112K
  class space    used 1399K, committed 1536K, reserved 1048576K
}
Event: 1.387 GC heap after
{Heap after GC invocations=2 (full 0):
 garbage-first heap   total reserved 4130816K, committed 260096K, used 10148K [0x0000000703e00000, 0x0000000800000000)
  region size 2048K, 2 young (4096K), 2 survivors (4096K)
 Metaspace       used 12257K, committed 12544K, reserved 1114112K
  class space    used 1399K, committed 1536K, reserved 1048576K
}
Event: 2.484 GC heap before
{Heap before GC invocations=2 (full 0):
 garbage-first heap   total reserved 4130816K, committed 260096K, used 47012K [0x0000000703e00000, 0x0000000800000000)
  region size 2048K, 21 young (43008K), 2 survivors (4096K)
 Metaspace       used 21161K, committed 21504K, reserved 1114112K
  class space    used 2638K, committed 2816K, reserved 1048576K
}
Event: 2.498 GC heap after
{Heap after GC invocations=3 (full 0):
 garbage-first heap   total reserved 4130816K, committed 260096K, used 13239K [0x0000000703e00000, 0x0000000800000000)
  region size 2048K, 3 young (6144K), 3 survivors (6144K)
 Metaspace       used 21161K, committed 21504K, reserved 1114112K
  class space    used 2638K, committed 2816K, reserved 1048576K
}
Event: 4.040 GC heap before
{Heap before GC invocations=4 (full 0):
 garbage-first heap   total reserved 4130816K, committed 55296K, used 43959K [0x0000000703e00000, 0x0000000800000000)
  region size 2048K, 16 young (32768K), 3 survivors (6144K)
 Metaspace       used 29547K, committed 29952K, reserved 1114112K
  class space    used 3792K, committed 3968K, reserved 1048576K
}
Event: 4.052 GC heap after
{Heap after GC invocations=5 (full 0):
 garbage-first heap   total reserved 4130816K, committed 59392K, used 21899K [0x0000000703e00000, 0x0000000800000000)
  region size 2048K, 2 young (4096K), 2 survivors (4096K)
 Metaspace       used 29547K, committed 29952K, reserved 1114112K
  class space    used 3792K, committed 3968K, reserved 1048576K
}
Event: 10.428 GC heap before
{Heap before GC invocations=5 (full 0):
 garbage-first heap   total reserved 4130816K, committed 59392K, used 46475K [0x0000000703e00000, 0x0000000800000000)
  region size 2048K, 12 young (24576K), 2 survivors (4096K)
 Metaspace       used 31006K, committed 31424K, reserved 1114112K
  class space    used 3962K, committed 4160K, reserved 1048576K
}
Event: 10.433 GC heap after
{Heap after GC invocations=6 (full 0):
 garbage-first heap   total reserved 4130816K, committed 59392K, used 29451K [0x0000000703e00000, 0x0000000800000000)
  region size 2048K, 1 young (2048K), 1 survivors (2048K)
 Metaspace       used 31006K, committed 31424K, reserved 1114112K
  class space    used 3962K, committed 4160K, reserved 1048576K
}
Event: 24.847 GC heap before
{Heap before GC invocations=7 (full 0):
 garbage-first heap   total reserved 4130816K, committed 71680K, used 64267K [0x0000000703e00000, 0x0000000800000000)
  region size 2048K, 9 young (18432K), 1 survivors (2048K)
 Metaspace       used 31296K, committed 31680K, reserved 1114112K
  class space    used 3962K, committed 4160K, reserved 1048576K
}
Event: 24.851 GC heap after
{Heap after GC invocations=8 (full 0):
 garbage-first heap   total reserved 4130816K, committed 71680K, used 49495K [0x0000000703e00000, 0x0000000800000000)
  region size 2048K, 2 young (4096K), 2 survivors (4096K)
 Metaspace       used 31296K, committed 31680K, reserved 1114112K
  class space    used 3962K, committed 4160K, reserved 1048576K
}
Event: 30.147 GC heap before
{Heap before GC invocations=8 (full 0):
 garbage-first heap   total reserved 4130816K, committed 77824K, used 67927K [0x0000000703e00000, 0x0000000800000000)
  region size 2048K, 6 young (12288K), 2 survivors (4096K)
 Metaspace       used 31428K, committed 31808K, reserved 1114112K
  class space    used 3962K, committed 4160K, reserved 1048576K
}
Event: 30.151 GC heap after
{Heap after GC invocations=9 (full 0):
 garbage-first heap   total reserved 4130816K, committed 77824K, used 61904K [0x0000000703e00000, 0x0000000800000000)
  region size 2048K, 1 young (2048K), 1 survivors (2048K)
 Metaspace       used 31428K, committed 31808K, reserved 1114112K
  class space    used 3962K, committed 4160K, reserved 1048576K
}
Event: 33.025 GC heap before
{Heap before GC invocations=9 (full 0):
 garbage-first heap   total reserved 4130816K, committed 77824K, used 66000K [0x0000000703e00000, 0x0000000800000000)
  region size 2048K, 4 young (8192K), 1 survivors (2048K)
 Metaspace       used 31542K, committed 31936K, reserved 1114112K
  class space    used 3962K, committed 4160K, reserved 1048576K
}
Event: 33.027 GC heap after
{Heap after GC invocations=10 (full 0):
 garbage-first heap   total reserved 4130816K, committed 77824K, used 61807K [0x0000000703e00000, 0x0000000800000000)
  region size 2048K, 1 young (2048K), 1 survivors (2048K)
 Metaspace       used 31542K, committed 31936K, reserved 1114112K
  class space    used 3962K, committed 4160K, reserved 1048576K
}
Event: 36.679 GC heap before
{Heap before GC invocations=11 (full 0):
 garbage-first heap   total reserved 4130816K, committed 106496K, used 72047K [0x0000000703e00000, 0x0000000800000000)
  region size 2048K, 3 young (6144K), 1 survivors (2048K)
 Metaspace       used 31626K, committed 32064K, reserved 1114112K
  class space    used 3962K, committed 4160K, reserved 1048576K
}
Event: 36.681 GC heap after
{Heap after GC invocations=12 (full 0):
 garbage-first heap   total reserved 4130816K, committed 106496K, used 69006K [0x0000000703e00000, 0x0000000800000000)
  region size 2048K, 1 young (2048K), 1 survivors (2048K)
 Metaspace       used 31626K, committed 32064K, reserved 1114112K
  class space    used 3962K, committed 4160K, reserved 1048576K
}
Event: 64.506 GC heap before
{Heap before GC invocations=12 (full 0):
 garbage-first heap   total reserved 4130816K, committed 131072K, used 128398K [0x0000000703e00000, 0x0000000800000000)
  region size 2048K, 13 young (26624K), 1 survivors (2048K)
 Metaspace       used 31983K, committed 32384K, reserved 1114112K
  class space    used 3964K, committed 4160K, reserved 1048576K
}
Event: 64.511 GC heap after
{Heap after GC invocations=13 (full 0):
 garbage-first heap   total reserved 4130816K, committed 135168K, used 105054K [0x0000000703e00000, 0x0000000800000000)
  region size 2048K, 1 young (2048K), 1 survivors (2048K)
 Metaspace       used 31983K, committed 32384K, reserved 1114112K
  class space    used 3964K, committed 4160K, reserved 1048576K
}
Event: 74.907 GC heap before
{Heap before GC invocations=13 (full 0):
 garbage-first heap   total reserved 4130816K, committed 135168K, used 115294K [0x0000000703e00000, 0x0000000800000000)
  region size 2048K, 8 young (16384K), 1 survivors (2048K)
 Metaspace       used 32219K, committed 32576K, reserved 1114112K
  class space    used 3973K, committed 4160K, reserved 1048576K
}
Event: 74.910 GC heap after
{Heap after GC invocations=14 (full 0):
 garbage-first heap   total reserved 4130816K, committed 135168K, used 105230K [0x0000000703e00000, 0x0000000800000000)
  region size 2048K, 1 young (2048K), 1 survivors (2048K)
 Metaspace       used 32219K, committed 32576K, reserved 1114112K
  class space    used 3973K, committed 4160K, reserved 1048576K
}

Dll operation events (11 events):
Event: 0.009 Loaded shared library C:\Program Files\Java\jdk-23\bin\java.dll
Event: 0.044 Loaded shared library C:\Program Files\Java\jdk-23\bin\jsvml.dll
Event: 0.136 Loaded shared library C:\Program Files\Java\jdk-23\bin\net.dll
Event: 0.138 Loaded shared library C:\Program Files\Java\jdk-23\bin\nio.dll
Event: 0.145 Loaded shared library C:\Program Files\Java\jdk-23\bin\zip.dll
Event: 0.316 Loaded shared library C:\Program Files\Java\jdk-23\bin\jimage.dll
Event: 0.476 Loaded shared library C:\Program Files\Java\jdk-23\bin\extnet.dll
Event: 1.253 Loaded shared library C:\Program Files\Java\jdk-23\bin\verify.dll
Event: 2.442 Loaded shared library C:\Program Files\Java\jdk-23\bin\management.dll
Event: 2.447 Loaded shared library C:\Program Files\Java\jdk-23\bin\management_ext.dll
Event: 2.570 Loaded shared library C:\Program Files\Java\jdk-23\bin\sunmscapi.dll

Deoptimization events (20 events):
Event: 10.152 Thread 0x000001b89603b560 DEOPT PACKING pc=0x000001b89ea68d68 sp=0x000000a61cefd880
Event: 10.152 Thread 0x000001b89603b560 DEOPT UNPACKING pc=0x000001b8a5ce4b22 sp=0x000000a61cefcd38 mode 0
Event: 16.238 Thread 0x000001b89603b560 DEOPT PACKING pc=0x000001b89ebcb7b7 sp=0x000000a61cefd3c0
Event: 16.238 Thread 0x000001b89603b560 DEOPT UNPACKING pc=0x000001b8a5ce4b22 sp=0x000000a61cefc848 mode 0
Event: 29.000 Thread 0x000001b89603b560 Uncommon trap: trap_request=0xffffff45 fr.pc=0x000001b8a629b760 relative=0x0000000000000060
Event: 29.000 Thread 0x000001b89603b560 Uncommon trap: reason=unstable_if action=reinterpret pc=0x000001b8a629b760 method=java.lang.ref.ReferenceQueue.poll()Ljava/lang/ref/Reference; @ 4 c2
Event: 29.000 Thread 0x000001b89603b560 DEOPT PACKING pc=0x000001b8a629b760 sp=0x000000a61cefd6a0
Event: 29.000 Thread 0x000001b89603b560 DEOPT UNPACKING pc=0x000001b8a5ce4402 sp=0x000000a61cefd630 mode 2
Event: 32.835 Thread 0x000001b89603b560 DEOPT PACKING pc=0x000001b89ebcc3ad sp=0x000000a61cefd2e0
Event: 32.835 Thread 0x000001b89603b560 DEOPT UNPACKING pc=0x000001b8a5ce4b22 sp=0x000000a61cefc758 mode 0
Event: 33.018 Thread 0x000001b89603b560 Uncommon trap: trap_request=0xffffffdc fr.pc=0x000001b8a639f750 relative=0x00000000000001b0
Event: 33.018 Thread 0x000001b89603b560 Uncommon trap: reason=class_check action=make_not_entrant pc=0x000001b8a639f750 method=java.util.ArrayList.toArray([Ljava/lang/Object;)[Ljava/lang/Object; @ 21 c2
Event: 33.018 Thread 0x000001b89603b560 DEOPT PACKING pc=0x000001b8a639f750 sp=0x000000a61cefd7c0
Event: 33.018 Thread 0x000001b89603b560 DEOPT UNPACKING pc=0x000001b8a5ce4402 sp=0x000000a61cefd780 mode 2
Event: 36.685 Thread 0x000001b89603b560 Uncommon trap: trap_request=0xffffffcc fr.pc=0x000001b8a635f0cc relative=0x000000000000038c
Event: 36.685 Thread 0x000001b89603b560 Uncommon trap: reason=intrinsic_or_type_checked_inlining action=make_not_entrant pc=0x000001b8a635f0cc method=java.util.ArrayList.toArray([Ljava/lang/Object;)[Ljava/lang/Object; @ 36 c2
Event: 36.685 Thread 0x000001b89603b560 DEOPT PACKING pc=0x000001b8a635f0cc sp=0x000000a61cefd6b0
Event: 36.685 Thread 0x000001b89603b560 DEOPT UNPACKING pc=0x000001b8a5ce4402 sp=0x000000a61cefd690 mode 2
Event: 76.073 Thread 0x000001b89603b560 DEOPT PACKING pc=0x000001b89ecb5ef8 sp=0x000000a61cefd0f0
Event: 76.073 Thread 0x000001b89603b560 DEOPT UNPACKING pc=0x000001b8a5ce4b22 sp=0x000000a61cefc560 mode 0

Classes loaded (20 events):
Event: 4.861 Loading class jdk/internal/util/ImmutableBitSetPredicate
Event: 4.861 Loading class java/util/function/IntPredicate
Event: 4.861 Loading class java/util/function/IntPredicate done
Event: 4.861 Loading class jdk/internal/util/ImmutableBitSetPredicate done
Event: 4.861 Loading class jdk/internal/util/ImmutableBitSetPredicate$SmallImmutableBitSetPredicate
Event: 4.861 Loading class jdk/internal/util/ImmutableBitSetPredicate$SmallImmutableBitSetPredicate done
Event: 6.840 Loading class sun/net/ConnectionResetException
Event: 6.840 Loading class sun/net/ConnectionResetException done
Event: 6.841 Loading class java/util/concurrent/ConcurrentLinkedQueue$Itr
Event: 6.841 Loading class java/util/concurrent/ConcurrentLinkedQueue$Itr done
Event: 6.842 Loading class java/lang/Throwable$WrappedPrintWriter
Event: 6.842 Loading class java/lang/Throwable$PrintStreamOrWriter
Event: 6.842 Loading class java/lang/Throwable$PrintStreamOrWriter done
Event: 6.842 Loading class java/lang/Throwable$WrappedPrintWriter done
Event: 10.365 Loading class sun/net/util/SocketExceptions
Event: 10.365 Loading class sun/net/util/SocketExceptions done
Event: 55.365 Loading class java/lang/invoke/WrongMethodTypeException
Event: 55.365 Loading class java/lang/invoke/WrongMethodTypeException done
Event: 55.372 Loading class java/lang/Throwable$WrappedPrintStream
Event: 55.372 Loading class java/lang/Throwable$WrappedPrintStream done

Classes unloaded (0 events):
No events

Classes redefined (0 events):
No events

Internal exceptions (20 events):
Event: 36.595 Thread 0x000001b8fc95e190 Exception <a 'sun/net/ConnectionResetException'{0x0000000713b3f088}: Connection reset> (0x0000000713b3f088) 
thrown [s\open\src\hotspot\share\prims\jni.cpp, line 539]
Event: 36.612 Thread 0x000001b8fc95c750 Exception <a 'sun/net/ConnectionResetException'{0x0000000713b1c7c0}: Connection reset> (0x0000000713b1c7c0) 
thrown [s\open\src\hotspot\share\prims\jni.cpp, line 539]
Event: 36.927 Thread 0x000001b8fe38abf0 Exception <a 'java/net/ConnectException'{0x00000007110edc10}: Connection refused: getsockopt> (0x00000007110edc10) 
thrown [s\open\src\hotspot\share\prims\jni.cpp, line 539]
Event: 40.490 Thread 0x000001b8fc959ff0 Exception <a 'sun/net/ConnectionResetException'{0x00000007111e6828}: Connection reset> (0x00000007111e6828) 
thrown [s\open\src\hotspot\share\prims\jni.cpp, line 539]
Event: 40.490 Thread 0x000001b8fc957f20 Exception <a 'sun/net/ConnectionResetException'{0x0000000710c03b88}: Connection reset> (0x0000000710c03b88) 
thrown [s\open\src\hotspot\share\prims\jni.cpp, line 539]
Event: 43.761 Thread 0x000001b8fc95c0c0 Exception <a 'sun/net/ConnectionResetException'{0x0000000709bd7020}: Connection reset> (0x0000000709bd7020) 
thrown [s\open\src\hotspot\share\prims\jni.cpp, line 539]
Event: 43.764 Thread 0x000001b8fc95b3a0 Exception <a 'sun/net/ConnectionResetException'{0x0000000709bd0e30}: Connection reset> (0x0000000709bd0e30) 
thrown [s\open\src\hotspot\share\prims\jni.cpp, line 539]
Event: 44.047 Thread 0x000001b8fe38abf0 Exception <a 'java/net/ConnectException'{0x00000007096aabe8}: Connection refused: getsockopt> (0x00000007096aabe8) 
thrown [s\open\src\hotspot\share\prims\jni.cpp, line 539]
Event: 47.004 Thread 0x000001b8fe38c630 Exception <a 'sun/net/ConnectionResetException'{0x00000007097c4b28}: Connection reset> (0x00000007097c4b28) 
thrown [s\open\src\hotspot\share\prims\jni.cpp, line 539]
Event: 47.007 Thread 0x000001b8fca78020 Exception <a 'sun/net/ConnectionResetException'{0x00000007097a3ba0}: Connection reset> (0x00000007097a3ba0) 
thrown [s\open\src\hotspot\share\prims\jni.cpp, line 539]
Event: 47.276 Thread 0x000001b8fe38abf0 Exception <a 'java/net/ConnectException'{0x000000070928ae00}: Connection refused: getsockopt> (0x000000070928ae00) 
thrown [s\open\src\hotspot\share\prims\jni.cpp, line 539]
Event: 55.554 Thread 0x000001b8fe38a560 Exception <a 'sun/net/ConnectionResetException'{0x000000070938cfa0}: Connection reset> (0x000000070938cfa0) 
thrown [s\open\src\hotspot\share\prims\jni.cpp, line 539]
Event: 55.554 Thread 0x000001b8fe38e700 Exception <a 'sun/net/ConnectionResetException'{0x0000000709391f68}: Connection reset> (0x0000000709391f68) 
thrown [s\open\src\hotspot\share\prims\jni.cpp, line 539]
Event: 55.945 Thread 0x000001b8fe38abf0 Exception <a 'java/net/ConnectException'{0x0000000705c7a4b0}: Connection refused: getsockopt> (0x0000000705c7a4b0) 
thrown [s\open\src\hotspot\share\prims\jni.cpp, line 539]
Event: 59.382 Thread 0x000001b8fe38bfa0 Exception <a 'sun/net/ConnectionResetException'{0x0000000705d82ed8}: Connection reset> (0x0000000705d82ed8) 
thrown [s\open\src\hotspot\share\prims\jni.cpp, line 539]
Event: 59.382 Thread 0x000001b8fc95c750 Exception <a 'sun/net/ConnectionResetException'{0x0000000705d8d170}: Connection reset> (0x0000000705d8d170) 
thrown [s\open\src\hotspot\share\prims\jni.cpp, line 539]
Event: 59.654 Thread 0x000001b8fe38abf0 Exception <a 'java/net/ConnectException'{0x0000000704670148}: Connection refused: getsockopt> (0x0000000704670148) 
thrown [s\open\src\hotspot\share\prims\jni.cpp, line 539]
Event: 74.355 Thread 0x000001b8fc95a680 Exception <a 'sun/net/ConnectionResetException'{0x0000000710d4e778}: Connection reset> (0x0000000710d4e778) 
thrown [s\open\src\hotspot\share\prims\jni.cpp, line 539]
Event: 74.356 Thread 0x000001b8fc959ff0 Exception <a 'sun/net/ConnectionResetException'{0x0000000710d5a268}: Connection reset> (0x0000000710d5a268) 
thrown [s\open\src\hotspot\share\prims\jni.cpp, line 539]
Event: 74.863 Thread 0x000001b8fe38abf0 Exception <a 'java/net/ConnectException'{0x0000000709600d68}: Connection refused: getsockopt> (0x0000000709600d68) 
thrown [s\open\src\hotspot\share\prims\jni.cpp, line 539]

VM Operations (20 events):
Event: 33.025 Executing VM operation: G1CollectForAllocation (G1 Evacuation Pause)
Event: 33.027 Executing VM operation: G1CollectForAllocation (G1 Evacuation Pause) done
Event: 33.051 Executing VM operation: G1PauseRemark
Event: 33.056 Executing VM operation: G1PauseRemark done
Event: 33.066 Executing VM operation: G1PauseCleanup
Event: 33.066 Executing VM operation: G1PauseCleanup done
Event: 36.679 Executing VM operation: G1CollectForAllocation (G1 Evacuation Pause)
Event: 36.681 Executing VM operation: G1CollectForAllocation (G1 Evacuation Pause) done
Event: 60.104 Executing VM operation: HandshakeAllThreads (HandshakeForDeflation)
Event: 60.104 Executing VM operation: HandshakeAllThreads (HandshakeForDeflation) done
Event: 60.104 Executing VM operation: RendezvousGCThreads
Event: 60.104 Executing VM operation: RendezvousGCThreads done
Event: 64.506 Executing VM operation: G1CollectForAllocation (G1 Evacuation Pause)
Event: 64.511 Executing VM operation: G1CollectForAllocation (G1 Evacuation Pause) done
Event: 74.907 Executing VM operation: G1TryInitiateConcMark (G1 Humongous Allocation)
Event: 74.910 Executing VM operation: G1TryInitiateConcMark (G1 Humongous Allocation) done
Event: 74.941 Executing VM operation: G1PauseRemark
Event: 74.945 Executing VM operation: G1PauseRemark done
Event: 74.954 Executing VM operation: G1PauseCleanup
Event: 74.955 Executing VM operation: G1PauseCleanup done

Memory protections (0 events):
No events

Nmethod flushes (20 events):
Event: 74.945 Thread 0x000001b8b53a55a0 flushing  nmethod 0x000001b89ea9cb08
Event: 74.945 Thread 0x000001b8b53a55a0 flushing  nmethod 0x000001b89ebf7588
Event: 74.945 Thread 0x000001b8b53a55a0 flushing  nmethod 0x000001b89ebf8508
Event: 74.945 Thread 0x000001b8b53a55a0 flushing  nmethod 0x000001b89ec00c88
Event: 74.945 Thread 0x000001b8b53a55a0 flushing  nmethod 0x000001b89ec24188
Event: 74.945 Thread 0x000001b8b53a55a0 flushing  nmethod 0x000001b89ec25208
Event: 74.945 Thread 0x000001b8b53a55a0 flushing  nmethod 0x000001b89ec25b88
Event: 74.945 Thread 0x000001b8b53a55a0 flushing  nmethod 0x000001b89ec7ad88
Event: 74.945 Thread 0x000001b8b53a55a0 flushing  nmethod 0x000001b89e780e08
Event: 74.945 Thread 0x000001b8b53a55a0 flushing  nmethod 0x000001b89e7ebf88
Event: 74.945 Thread 0x000001b8b53a55a0 flushing  nmethod 0x000001b89e8ea088
Event: 74.945 Thread 0x000001b8b53a55a0 flushing  nmethod 0x000001b89e94c008
Event: 74.945 Thread 0x000001b8b53a55a0 flushing  nmethod 0x000001b89e9e8788
Event: 74.945 Thread 0x000001b8b53a55a0 flushing  nmethod 0x000001b89ebfbb88
Event: 74.945 Thread 0x000001b8b53a55a0 flushing  nmethod 0x000001b89ec16408
Event: 74.945 Thread 0x000001b8b53a55a0 flushing  nmethod 0x000001b89ec16b08
Event: 74.945 Thread 0x000001b8b53a55a0 flushing  nmethod 0x000001b89ec17008
Event: 74.945 Thread 0x000001b8b53a55a0 flushing  nmethod 0x000001b89ec48988
Event: 74.945 Thread 0x000001b8b53a55a0 flushing  nmethod 0x000001b89ec5aa08
Event: 74.945 Thread 0x000001b8b53a55a0 flushing  nmethod 0x000001b89ec6a508

Events (20 events):
Event: 47.272 Thread 0x000001b89603b560 Thread added: 0x000001b8fd0c7660
Event: 55.006 Thread 0x000001b8fca765e0 Thread exited: 0x000001b8fca765e0
Event: 55.888 Thread 0x000001b89603b560 Thread added: 0x000001b8fd0cb800
Event: 55.894 Thread 0x000001b8fd0cb800 Thread added: 0x000001b8fd0c9dc0
Event: 55.894 Thread 0x000001b8fd0cb800 Thread added: 0x000001b8fd0ca450
Event: 55.940 Thread 0x000001b89603b560 Thread added: 0x000001b8fd0c8a10
Event: 55.940 Thread 0x000001b89603b560 Thread added: 0x000001b8fd0cc520
Event: 55.981 Thread 0x000001b8fe38abf0 Thread added: 0x000001b8fd0cec80
Event: 59.592 Thread 0x000001b89603b560 Thread added: 0x000001b8fd0c90a0
Event: 59.597 Thread 0x000001b8fd0c90a0 Thread added: 0x000001b8fd0cd8d0
Event: 59.598 Thread 0x000001b8fd0c90a0 Thread added: 0x000001b8fd0c9730
Event: 59.650 Thread 0x000001b89603b560 Thread added: 0x000001b8fd0ccbb0
Event: 59.650 Thread 0x000001b89603b560 Thread added: 0x000001b8fd0cd240
Event: 65.994 Thread 0x000001b8fd0cec80 Thread exited: 0x000001b8fd0cec80
Event: 74.726 Thread 0x000001b89603b560 Thread added: 0x000001b8fd0cec80
Event: 74.799 Thread 0x000001b8fd0cec80 Thread added: 0x000001b8fca765e0
Event: 74.799 Thread 0x000001b8fd0cec80 Thread added: 0x000001b8fc3a3340
Event: 74.853 Thread 0x000001b89603b560 Thread added: 0x000001b8fc3a5aa0
Event: 74.853 Thread 0x000001b89603b560 Thread added: 0x000001b8fc3a0be0
Event: 74.893 Thread 0x000001b8fe38abf0 Thread added: 0x000001b8fc39fec0


Dynamic libraries:
0x00007ff6a2420000 - 0x00007ff6a2430000 	C:\Program Files\Java\jdk-23\bin\javaw.exe
0x00007ffc335d0000 - 0x00007ffc337e7000 	C:\Windows\SYSTEM32\ntdll.dll
0x00007ffc32e30000 - 0x00007ffc32ef4000 	C:\Windows\System32\KERNEL32.DLL
0x00007ffc30f10000 - 0x00007ffc312ca000 	C:\Windows\System32\KERNELBASE.dll
0x00007ffc30df0000 - 0x00007ffc30f01000 	C:\Windows\System32\ucrtbase.dll
0x00007ffc2a450000 - 0x00007ffc2a46b000 	C:\Program Files\Java\jdk-23\bin\VCRUNTIME140.dll
0x00007ffc2a4a0000 - 0x00007ffc2a4b7000 	C:\Program Files\Java\jdk-23\bin\jli.dll
0x00007ffc33360000 - 0x00007ffc3350e000 	C:\Windows\System32\USER32.dll
0x00007ffc308d0000 - 0x00007ffc308f6000 	C:\Windows\System32\win32u.dll
0x00007ffc17290000 - 0x00007ffc17522000 	C:\Windows\WinSxS\amd64_microsoft.windows.common-controls_6595b64144ccf1df_6.0.22621.4541_none_2710d1c57384c085\COMCTL32.dll
0x00007ffc31440000 - 0x00007ffc31469000 	C:\Windows\System32\GDI32.dll
0x00007ffc31470000 - 0x00007ffc31517000 	C:\Windows\System32\msvcrt.dll
0x00007ffc30aa0000 - 0x00007ffc30bbb000 	C:\Windows\System32\gdi32full.dll
0x00007ffc30900000 - 0x00007ffc3099a000 	C:\Windows\System32\msvcp_win.dll
0x00007ffc31400000 - 0x00007ffc31431000 	C:\Windows\System32\IMM32.DLL
0x00007ffc2cf90000 - 0x00007ffc2cf9c000 	C:\Program Files\Java\jdk-23\bin\vcruntime140_1.dll
0x00007ffc26d80000 - 0x00007ffc26e0e000 	C:\Program Files\Java\jdk-23\bin\msvcp140.dll
0x00007ffb93f00000 - 0x00007ffb94c4f000 	C:\Program Files\Java\jdk-23\bin\server\jvm.dll
0x00007ffc32f70000 - 0x00007ffc33022000 	C:\Windows\System32\ADVAPI32.dll
0x00007ffc32d80000 - 0x00007ffc32e27000 	C:\Windows\System32\sechost.dll
0x00007ffc308a0000 - 0x00007ffc308c8000 	C:\Windows\System32\bcrypt.dll
0x00007ffc32c60000 - 0x00007ffc32d74000 	C:\Windows\System32\RPCRT4.dll
0x00007ffc33510000 - 0x00007ffc33581000 	C:\Windows\System32\WS2_32.dll
0x00007ffc306c0000 - 0x00007ffc3070d000 	C:\Windows\SYSTEM32\POWRPROF.dll
0x00007ffc2c690000 - 0x00007ffc2c6c4000 	C:\Windows\SYSTEM32\WINMM.dll
0x00007ffc2cf80000 - 0x00007ffc2cf8a000 	C:\Windows\SYSTEM32\VERSION.dll
0x00007ffc305a0000 - 0x00007ffc305b3000 	C:\Windows\SYSTEM32\UMPDC.dll
0x00007ffc2f8a0000 - 0x00007ffc2f8b8000 	C:\Windows\SYSTEM32\kernel.appcore.dll
0x00007ffc2a490000 - 0x00007ffc2a49a000 	C:\Program Files\Java\jdk-23\bin\jimage.dll
0x00007ffc29e50000 - 0x00007ffc2a082000 	C:\Windows\SYSTEM32\DBGHELP.DLL
0x00007ffc328d0000 - 0x00007ffc32c5f000 	C:\Windows\System32\combase.dll
0x00007ffc325f0000 - 0x00007ffc326c7000 	C:\Windows\System32\OLEAUT32.dll
0x00007ffc29d80000 - 0x00007ffc29db2000 	C:\Windows\SYSTEM32\dbgcore.DLL
0x00007ffc30a20000 - 0x00007ffc30a9b000 	C:\Windows\System32\bcryptPrimitives.dll
0x00007ffc26ed0000 - 0x00007ffc26eee000 	C:\Program Files\Java\jdk-23\bin\java.dll
0x00007ffc315b0000 - 0x00007ffc31755000 	C:\Windows\System32\ole32.dll
0x00007ffc31c50000 - 0x00007ffc324c8000 	C:\Windows\System32\SHELL32.dll
0x00007ffc2e790000 - 0x00007ffc2f098000 	C:\Windows\SYSTEM32\windows.storage.dll
0x00007ffc2e650000 - 0x00007ffc2e78f000 	C:\Windows\SYSTEM32\wintypes.dll
0x00007ffc326d0000 - 0x00007ffc327ca000 	C:\Windows\System32\SHCORE.dll
0x00007ffc32f10000 - 0x00007ffc32f6e000 	C:\Windows\System32\shlwapi.dll
0x00007ffc307d0000 - 0x00007ffc307fb000 	C:\Windows\SYSTEM32\profapi.dll
0x00007ffc237b0000 - 0x00007ffc23887000 	C:\Program Files\Java\jdk-23\bin\jsvml.dll
0x00007ffc2a430000 - 0x00007ffc2a440000 	C:\Program Files\Java\jdk-23\bin\net.dll
0x00007ffc2fd10000 - 0x00007ffc2fd79000 	C:\Windows\system32\mswsock.dll
0x00007ffc26eb0000 - 0x00007ffc26ec6000 	C:\Program Files\Java\jdk-23\bin\nio.dll
0x00007ffc26e90000 - 0x00007ffc26ea7000 	C:\Program Files\Java\jdk-23\bin\zip.dll
0x00007ffc2f370000 - 0x00007ffc2f472000 	C:\Windows\SYSTEM32\DNSAPI.dll
0x00007ffc2f340000 - 0x00007ffc2f36d000 	C:\Windows\SYSTEM32\IPHLPAPI.DLL
0x00007ffc315a0000 - 0x00007ffc315a9000 	C:\Windows\System32\NSI.dll
0x000000006fc50000 - 0x000000006fc76000 	C:\Program Files\Bonjour\mdnsNSP.dll
0x00007ffc27eb0000 - 0x00007ffc27eba000 	C:\Windows\System32\rasadhlp.dll
0x00007ffc2a730000 - 0x00007ffc2a7b3000 	C:\Windows\System32\fwpuclnt.dll
0x00007ffc294d0000 - 0x00007ffc294d9000 	C:\Program Files\Java\jdk-23\bin\extnet.dll
0x00007ffc30060000 - 0x00007ffc3007b000 	C:\Windows\SYSTEM32\CRYPTSP.dll
0x00007ffc2f800000 - 0x00007ffc2f835000 	C:\Windows\system32\rsaenh.dll
0x00007ffc2fdb0000 - 0x00007ffc2fdd8000 	C:\Windows\SYSTEM32\USERENV.dll
0x00007ffc30040000 - 0x00007ffc3004c000 	C:\Windows\SYSTEM32\CRYPTBASE.dll
0x00007ffc2a220000 - 0x00007ffc2a230000 	C:\Program Files\Java\jdk-23\bin\verify.dll
0x00007ffbb7bb0000 - 0x00007ffbb7bc7000 	C:\Windows\system32\napinsp.dll
0x00007ffbb7bd0000 - 0x00007ffbb7beb000 	C:\Windows\system32\pnrpnsp.dll
0x00007ffbb7bf0000 - 0x00007ffbb7c01000 	C:\Windows\System32\winrnr.dll
0x00007ffbfbb00000 - 0x00007ffbfbb15000 	C:\Windows\system32\wshbth.dll
0x00007ffc2c7d0000 - 0x00007ffc2c7f7000 	C:\Windows\system32\nlansp_c.dll
0x00007ffc236c0000 - 0x00007ffc236ca000 	C:\Program Files\Java\jdk-23\bin\management.dll
0x00007ffc1f910000 - 0x00007ffc1f91b000 	C:\Program Files\Java\jdk-23\bin\management_ext.dll
0x00007ffc32f00000 - 0x00007ffc32f08000 	C:\Windows\System32\PSAPI.DLL
0x00007ffc295c0000 - 0x00007ffc295ce000 	C:\Program Files\Java\jdk-23\bin\sunmscapi.dll
0x00007ffc30c80000 - 0x00007ffc30de6000 	C:\Windows\System32\CRYPT32.dll
0x00007ffc30170000 - 0x00007ffc3019d000 	C:\Windows\SYSTEM32\ncrypt.dll
0x00007ffc30130000 - 0x00007ffc30167000 	C:\Windows\SYSTEM32\NTASN1.dll
0x00007ffbf8c30000 - 0x00007ffbf8c38000 	C:\Windows\system32\wshunix.dll

dbghelp: loaded successfully - version: 4.0.5 - missing functions: none
symbol engine: initialized successfully - sym options: 0x614 - pdb path: .;C:\Program Files\Java\jdk-23\bin;C:\Windows\SYSTEM32;C:\Windows\WinSxS\amd64_microsoft.windows.common-controls_6595b64144ccf1df_6.0.22621.4541_none_2710d1c57384c085;C:\Program Files\Java\jdk-23\bin\server;C:\Program Files\Bonjour

VM Arguments:
jvm_args: -ea -Dfile.encoding=UTF-8 -Dstdout.encoding=UTF-8 -Dstderr.encoding=UTF-8 -XX:+ShowCodeDetailsInExceptionMessages 
java_command: org.testng.remote.RemoteTestNG -serport 59461 -protocol json -d C:\Users\admin\eclipse-workspace\Saucedemo\test-output C:\Users\admin\eclipse-workspace\Saucedemo\testng.xml
java_class_path (initial): C:\Users\admin\eclipse\java-2024-064\eclipse\configuration\org.eclipse.osgi\565\0\.cp\lib\testng-remote.jar;C:\Users\admin\eclipse-workspace\Saucedemo\target\test-classes;C:\Users\admin\eclipse-workspace\Saucedemo\target\classes;C:\Users\admin\.p2\pool\plugins\org.testng_7.4.0.r202105021533.jar;C:\Users\admin\.p2\pool\plugins\com.beust.jcommander_1.78.0.jar;C:\Users\admin\.p2\pool\plugins\org.apache-extras.beanshell.bsh_2.0.0.b6.jar;C:\Users\admin\.p2\pool\plugins\org.yaml.snakeyaml_1.21.0.jar;C:\Users\admin\.p2\pool\plugins\org.webjars.jquery_3.5.1.jar;C:\Users\admin\.m2\repository\org\seleniumhq\selenium\selenium-java\4.12.1\selenium-java-4.12.1.jar;C:\Users\admin\.m2\repository\org\seleniumhq\selenium\selenium-api\4.12.1\selenium-api-4.12.1.jar;C:\Users\admin\.m2\repository\org\seleniumhq\selenium\selenium-chrome-driver\4.12.1\selenium-chrome-driver-4.12.1.jar;C:\Users\admin\.m2\repository\com\google\auto\service\auto-service-annotations\1.1.1\auto-service-annotations-1.1.1.jar;C:\Users\admin\.m2\repository\com\google\guava\guava\32.1.2-jre\guava-32.1.2-jre.jar;C:\Users\admin\.m2\repository\com\google\guava\failureaccess\1.0.1\failureaccess-1.0.1.jar;C:\Users\admin\.m2\repository\com\google\guava\listenablefuture\9999.0-empty-to-avoid-conflict-with-guava\listenablefuture-9999.0-empty-to-avoid-conflict-with-guava.jar;C:\Users\admin\.m2\repository\com\google\code\findbugs\jsr305\3.0.2\jsr305-3.0.2.jar;C:\Users\admin\.m2\repository\org\checkerframework\checker-qual\3.33.0\checker-qual-3.33.0.jar;C:\Users\admin\.m2\repository\com\google\j2objc\j2objc-annotations\2.8\j2objc-annotations-2.8.jar;C:\Users\admin\.m2\repository\org\seleniumhq\selenium\selenium-chromium-driver\4.12.1\selenium-chromium-driver-4.12.1.jar;C:\Users\admin\.m2\repository\org\seleniumhq\selenium\selenium-json\4.12.1\selenium-json-4.12.1.jar;C:\Users\admin\.m2\repository\org\seleniumhq\selenium\selenium-manager\4.12.1\selenium-manager-4.12.1.jar;C:\Users\admin\.m2\repository\org\seleniumhq\selenium\selenium-devtools-v114\4.12.1\selenium-devtools-v114-4.12.1.jar;C:\Users\admin\.m2\repository\org\seleniumhq\selenium\selenium-devtools-v115\4.12.1\selenium-devtools-v115-4.12.1.jar;C:\Users\admin\.m2\repository\org\seleniumhq\selenium\selenium-devtools-v116\4.12.1\selenium-devtools-v116-4.12.1.jar;C:\Users\admin\.m2\repository\org\seleniumhq\selenium\selenium-devtools-v85\4.12.1\selenium-devtools-v85-4.12.1.jar;C:\Users\admin\.m2\repository\org\seleniumhq\selenium\selenium-edge-driver\4.12.1\selenium-edge-driver-4.12.1.jar;C:\Users\admin\.m2\repository\org\seleniumhq\selenium\selenium-firefox-driver\4.12.1\selenium-firefox-driver-4.12.1.jar;C:\Users\admin\.m2\repository\org\seleniumhq\selenium\selenium-http\4.12.1\selenium-http-4.12.1.jar;C:\Users\admin\.m2\repository\dev\failsafe\failsafe\3.3.2\failsafe-3.3.2.jar;C:\Users\admin\.m2\repository\org\seleniumhq\selenium\selenium-ie-driver\4.12.1\selenium-ie-driver-4.12.1.jar;C:\Users\admin\.m2\repository\org\seleniumhq\selenium\selenium-remote-driver\4.12.1\selenium-remote-driver-4.12.1.jar;C:\Users\admin\.m2\repository\io\netty\netty-buffer\4.1.96.Final\netty-buffer-4.1.96.Final.jar;C:\Users\admin\.m2\repository\io\netty\netty-codec-http\4.1.96.Final\netty-codec-http-4.1.96.Final.jar;C:\Users\admin\.m2\repository\io\netty\netty-codec\4.1.96.Final\netty-codec-4.1.96.Final.jar;C:\Users\admin\.m2\repository\io\netty\netty-handler\4.1.96.Final\netty-handler-4.1.96.Final.jar;C:\Users\admin\.m2\repository\io\netty\netty-common\4.1.96.Final\netty-common-4.1.96.Final.jar;C:\Users\admin\.m2\repository\io\netty\netty-transport-classes-epoll\4.1.96.Final\netty-transport-classes-epoll-4.1.96.Final.jar;C:\Users\admin\.m2\repository\io\netty\netty-transport-classes-kqueue\4.1.96.Final\netty-transport-classes-kqueue-4.1.96.Final.jar;C:\Users\admin\.m2\repository\io\netty\netty-transport-native-epoll\4.1.96.Final\netty-transport-native-epoll-4.1.96.Final.jar;C:\Users\admin\.m2\repository\io\netty\netty-transport-native-kqueue\4.1.96.Final\netty-transport-native-kqueue-4.1.96.Final.jar;C:\Users\admin\.m2\repository\io\netty\netty-transport-native-unix-common\4.1.96.Final\netty-transport-native-unix-common-4.1.96.Final.jar;C:\Users\admin\.m2\repository\io\netty\netty-transport\4.1.96.Final\netty-transport-4.1.96.Final.jar;C:\Users\admin\.m2\repository\io\netty\netty-resolver\4.1.96.Final\netty-resolver-4.1.96.Final.jar;C:\Users\admin\.m2\repository\io\opentelemetry\opentelemetry-api\1.28.0\opentelemetry-api-1.28.0.jar;C:\Users\admin\.m2\repository\io\opentelemetry\opentelemetry-context\1.28.0\opentelemetry-context-1.28.0.jar;C:\Users\admin\.m2\repository\io\opentelemetry\opentelemetry-exporter-logging\1.28.0\opentelemetry-exporter-logging-1.28.0.jar;C:\Users\admin\.m2\repository\io\opentelemetry\opentelemetry-sdk-metrics\1.28.0\opentelemetry-sdk-metrics-1.28.0.jar;C:\Users\admin\.m2\repository\io\opentelemetry\opentelemetry-extension-incubator\1.28.0-alpha\opentelemetry-extension-incubator-1.28.0-alpha.jar;C:\Users\admin\.m2\repository\io\opentelemetry\opentelemetry-sdk-logs\1.28.0\opentelemetry-sdk-logs-1.28.0.jar;C:\Users\admin\.m2\repository\io\opentelemetry\opentelemetry-sdk-common\1.28.0\opentelemetry-sdk-common-1.28.0.jar;C:\Users\admin\.m2\repository\io\opentelemetry\opentelemetry-sdk-extension-autoconfigure-spi\1.28.0\opentelemetry-sdk-extension-autoconfigure-spi-1.28.0.jar;C:\Users\admin\.m2\repository\io\opentelemetry\opentelemetry-sdk-extension-autoconfigure\1.28.0\opentelemetry-sdk-extension-autoconfigure-1.28.0.jar;C:\Users\admin\.m2\repository\io\opentelemetry\opentelemetry-api-events\1.28.0-alpha\opentelemetry-api-events-1.28.0-alpha.jar;C:\Users\admin\.m2\repository\io\opentelemetry\opentelemetry-sdk-trace\1.28.0\opentelemetry-sdk-trace-1.28.0.jar;C:\Users\admin\.m2\repository\io\opentelemetry\opentelemetry-sdk\1.28.0\opentelemetry-sdk-1.28.0.jar;C:\Users\admin\.m2\repository\io\opentelemetry\opentelemetry-semconv\1.28.0-alpha\opentelemetry-semconv-1.28.0-alpha.jar;C:\Users\admin\.m2\repository\net\bytebuddy\byte-buddy\1.14.5\byte-buddy-1.14.5.jar;C:\Users\admin\.m2\repository\org\asynchttpclient\async-http-client\2.12.3\async-http-client-2.12.3.jar;C:\Users\admin\.m2\repository\org\asynchttpclient\async-http-client-netty-utils\2.12.3\async-http-client-netty-utils-2.12.3.jar;C:\Users\admin\.m2\repository\io\netty\netty-codec-socks\4.1.60.Final\netty-codec-socks-4.1.60.Final.jar;C:\Users\admin\.m2\repository\io\netty\netty-handler-proxy\4.1.60.Final\netty-handler-proxy-4.1.60.Final.jar;C:\Users\admin\.m2\repository\io\netty\netty-transport-native-epoll\4.1.60.Final\netty-transport-native-epoll-4.1.60.Final-linux-x86_64.jar;C:\Users\admin\.m2\repository\io\netty\netty-transport-native-kqueue\4.1.60.Final\netty-transport-native-kqueue-4.1.60.Final-osx-x86_64.jar;C:\Users\admin\.m2\repository\com\typesafe\netty\netty-reactive-streams\2.0.4\netty-reactive-streams-2.0.4.jar;C:\Users\admin\.m2\repository\com\sun\activation\jakarta.activation\1.2.2\jakarta.activation-1.2.2.jar;C:\Users\admin\.m2\repository\org\seleniumhq\selenium\selenium-os\4.12.1\selenium-os-4.12.1.jar;C:\Users\admin\.m2\repository\org\apache\commons\commons-exec\1.3\commons-exec-1.3.jar;C:\Users\admin\.m2\repository\org\seleniumhq\selenium\selenium-safari-driver\4.12.1\selenium-safari-driver-4.12.1.jar;C:\Users\admin\.m2\repository\org\seleniumhq\selenium\selenium-support\4.12.1\selenium-support-4.12.1.jar;C:\Users\admin\.m2\repository\org\testng\testng\7.10.2\testng-7.10.2.jar;C:\Users\admin\.m2\repository\org\slf4j\slf4j-api\1.7.36\slf4j-api-1.7.36.jar;C:\Users\admin\.m2\repository\com\beust\jcommander\1.82\jcommander-1.82.jar;C:\Users\admin\.m2\repository\org\webjars\jquery\3.7.1\jquery-3.7.1.jar;C:\Users\admin\.m2\repository\org\apache\logging\log4j\log4j-core\3.0.0-beta2\log4j-core-3.0.0-beta2.jar;C:\Users\admin\.m2\repository\org\apache\logging\log4j\log4j-plugins\3.0.0-beta2\log4j-plugins-3.0.0-beta2.jar;C:\Users\admin\.m2\repository\org\apache\logging\log4j\log4j-api\3.0.0-beta2\log4j-api-3.0.0-beta2.jar;C:\Users\admin\.m2\repository\io\github\bonigarcia\webdrivermanager\5.9.2\webdrivermanager-5.9.2.jar;C:\Users\admin\.m2\repository\com\google\code\gson\gson\2.11.0\gson-2.11.0.jar;C:\Users\admin\.m2\repository\com\google\errorprone\error_prone_annotations\2.27.0\error_prone_annotations-2.27.0.jar;C:\Users\admin\.m2\repository\com\github\docker-java\docker-java\3.4.0\docker-java-3.4.0.jar;C:\Users\admin\.m2\repository\com\github\docker-java\docker-java-core\3.4.0\docker-java-core-3.4.0.jar;C:\Users\admin\.m2\repository\com\github\docker-java\docker-java-api\3.4.0\docker-java-api-3.4.0.jar;C:\Users\admin\.m2\repository\com\fasterxml\jackson\core\jackson-annotations\2.10.3\jackson-annotations-2.10.3.jar;C:\Users\admin\.m2\repository\com\fasterxml\jackson\core\jackson-databind\2.10.3\jackson-databind-2.10.3.jar;C:\Users\admin\.m2\repository\com\fasterxml\jackson\core\jackson-core\2.10.3\jackson-core-2.10.3.jar;C:\Users\admin\.m2\repository\org\slf4j\jcl-over-slf4j\1.7.30\jcl-over-slf4j-1.7.30.jar;C:\Users\admin\.m2\repository\com\github\docker-java\docker-java-transport-httpclient5\3.4.0\docker-java-transport-httpclient5-3.4.0.jar;C:\Users\admin\.m2\repository\com\github\docker-java\docker-java-transport\3.4.0\docker-java-transport-3.4.0.jar;C:\Users\admin\.m2\repository\net\java\dev\jna\jna\5.13.0\jna-5.13.0.jar;C:\Users\admin\.m2\repository\org\brotli\dec\0.1.2\dec-0.1.2.jar;C:\Users\admin\.m2\repository\org\apache\commons\commons-lang3\3.15.0\commons-lang3-3.15.0.jar;C:\Users\admin\.m2\repository\org\apache\commons\commons-compress\1.26.2\commons-compress-1.26.2.jar;C:\Users\admin\.m2\repository\commons-codec\commons-codec\1.17.0\commons-codec-1.17.0.jar;C:\Users\admin\.m2\repository\org\apache\httpcomponents\client5\httpclient5\5.2.1\httpclient5-5.2.1.jar;C:\Users\admin\.m2\repository\org\apache\httpcomponents\core5\httpcore5\5.2\httpcore5-5.2.jar;C:\Users\admin\.m2\repository\org\apache\httpcomponents\core5\httpcore5-h2\5.2\httpcore5-h2-5.2.jar;C:\Users\admin\.m2\repository\com\aventstack\extentreports\5.1.2\extentreports-5.1.2.jar;C:\Users\admin\.m2\repository\io\reactivex\rxjava3\rxjava\3.1.6\rxjava-3.1.6.jar;C:\Users\admin\.m2\repository\org\reactivestreams\reactive-streams\1.0.4\reactive-streams-1.0.4.jar;C:\Users\admin\.m2\repository\org\freemarker\freemarker\2.3.32\freemarker-2.3.32.jar;C:\Users\admin\.m2\repository\org\projectlombok\lombok\1.18.26\lombok-1.18.26.jar;C:\Users\admin\.m2\repository\com\assertthat\selenium-shutterbug\1.6\selenium-shutterbug-1.6.jar;C:\Users\admin\.m2\repository\commons-io\commons-io\2.7\commons-io-2.7.jar;C:\Users\admin\.m2\repository\com\github\zafarkhaja\java-semver\0.9.0\java-semver-0.9.0.jar
Launcher Type: SUN_STANDARD

[Global flags]
     intx CICompilerCount                          = 4                                         {product} {ergonomic}
     uint ConcGCThreads                            = 2                                         {product} {ergonomic}
     uint G1ConcRefinementThreads                  = 8                                         {product} {ergonomic}
   size_t G1HeapRegionSize                         = 2097152                                   {product} {ergonomic}
   size_t InitialHeapSize                          = 266338304                                 {product} {ergonomic}
   size_t MarkStackSize                            = 4194304                                   {product} {ergonomic}
   size_t MarkStackSizeMax                         = 536870912                                 {product} {ergonomic}
   size_t MaxHeapSize                              = 4229955584                                {product} {ergonomic}
   size_t MaxNewSize                               = 2537553920                                {product} {ergonomic}
   size_t MinHeapDeltaBytes                        = 2097152                                   {product} {ergonomic}
   size_t MinHeapSize                              = 8388608                                   {product} {ergonomic}
    uintx NonNMethodCodeHeapSize                   = 5832704                                {pd product} {ergonomic}
    uintx NonProfiledCodeHeapSize                  = 122945536                              {pd product} {ergonomic}
    uintx ProfiledCodeHeapSize                     = 122880000                              {pd product} {ergonomic}
    uintx ReservedCodeCacheSize                    = 251658240                              {pd product} {ergonomic}
     bool SegmentedCodeCache                       = true                                      {product} {ergonomic}
     bool ShowCodeDetailsInExceptionMessages       = true                                   {manageable} {command line}
   size_t SoftMaxHeapSize                          = 4229955584                             {manageable} {ergonomic}
     bool UseCompressedOops                        = true                           {product lp64_product} {ergonomic}
     bool UseG1GC                                  = true                                      {product} {ergonomic}
     bool UseLargePagesIndividualAllocation        = false                                  {pd product} {ergonomic}

Logging:
Log output configuration:
 #0: stdout all=warning uptime,level,tags foldmultilines=false
 #1: stderr all=off uptime,level,tags foldmultilines=false

Environment Variables:
PATH=C:\Program Files\Common Files\Oracle\Java\javapath;C:\Windows\system32;C:\Windows;C:\Windows\System32\Wbem;C:\Windows\System32\WindowsPowerShell\v1.0\;C:\Windows\System32\OpenSSH\;C:\Program Files\apache-maven-3.9.9\bin;C:\Users\admin\AppData\Local\Microsoft\WindowsApps;;C:\Program Files\JetBrains\IntelliJ IDEA 2024.2\bin;
USERNAME=admin
OS=Windows_NT
PROCESSOR_IDENTIFIER=Intel64 Family 6 Model 142 Stepping 12, GenuineIntel
TMP=C:\Users\admin\AppData\Local\Temp
TEMP=C:\Users\admin\AppData\Local\Temp




Periodic native trim disabled

---------------  S Y S T E M  ---------------

OS:
 Windows 11 , 64 bit Build 22621 (10.0.22621.4391)
OS uptime: 6 days 3:15 hours
Hyper-V role detected

CPU: total 8 (initial active 8) (4 cores per cpu, 2 threads per core) family 6 model 142 stepping 12 microcode 0xde, cx8, cmov, fxsr, ht, mmx, 3dnowpref, sse, sse2, sse3, ssse3, sse4.1, sse4.2, popcnt, lzcnt, tsc, tscinvbit, avx, avx2, aes, erms, clmul, bmi1, bmi2, adx, fma, vzeroupper, clflush, clflushopt, hv, rdtscp, f16c
Processor Information for the first 8 processors :
  Max Mhz: 2112, Current Mhz: 804, Mhz Limit: 802

Memory: 4k page, system-wide physical 16131M (1541M free)
TotalPageFile size 46553M (AvailPageFile size 15M)
current process WorkingSet (physical memory assigned to process): 296M, peak: 296M
current process commit charge ("private bytes"): 409M, peak: 431M

vm_info: Java HotSpot(TM) 64-Bit Server VM (23+37-2369) for windows-amd64 JRE (23+37-2369), built on 2024-08-20T16:01:23Z with MS VC++ 17.6 (VS2022)

END.
